::1 - - [Sun, 25 Aug 2019 13:59:50 GMT] "GET / HTTP/1.1" 302 56 "-" "Mozilla/5.0 (Windows NT 10.0; Win64; x64) AppleWebKit/537.36 (KHTML, like Gecko) Chrome/76.0.3809.100 Safari/537.36"
::1 - - [Sun, 25 Aug 2019 13:59:50 GMT] "GET /users HTTP/1.1" 302 68 "-" "Mozilla/5.0 (Windows NT 10.0; Win64; x64) AppleWebKit/537.36 (KHTML, like Gecko) Chrome/76.0.3809.100 Safari/537.36"
::1 - - [Sun, 25 Aug 2019 13:59:53 GMT] "GET /users/login HTTP/1.1" 200 1154 "-" "Mozilla/5.0 (Windows NT 10.0; Win64; x64) AppleWebKit/537.36 (KHTML, like Gecko) Chrome/76.0.3809.100 Safari/537.36"
::1 - - [Sun, 25 Aug 2019 13:59:53 GMT] "GET /javascripts/twitter.js HTTP/1.1" 200 802 "http://localhost:3000/users/login" "Mozilla/5.0 (Windows NT 10.0; Win64; x64) AppleWebKit/537.36 (KHTML, like Gecko) Chrome/76.0.3809.100 Safari/537.36"
::1 - - [Sun, 25 Aug 2019 13:59:53 GMT] "GET /twitterIcon.jpg HTTP/1.1" 200 38965 "http://localhost:3000/users/login" "Mozilla/5.0 (Windows NT 10.0; Win64; x64) AppleWebKit/537.36 (KHTML, like Gecko) Chrome/76.0.3809.100 Safari/537.36"
::1 - - [Sun, 25 Aug 2019 13:59:53 GMT] "GET /favicon.ico HTTP/1.1" 200 5 "http://localhost:3000/users/login" "Mozilla/5.0 (Windows NT 10.0; Win64; x64) AppleWebKit/537.36 (KHTML, like Gecko) Chrome/76.0.3809.100 Safari/537.36"
::1 - - [Sun, 25 Aug 2019 14:01:29 GMT] "POST /users/session HTTP/1.1" 302 58 "http://localhost:3000/users/login" "Mozilla/5.0 (Windows NT 10.0; Win64; x64) AppleWebKit/537.36 (KHTML, like Gecko) Chrome/76.0.3809.100 Safari/537.36"
::1 - - [Sun, 25 Aug 2019 14:01:30 GMT] "GET /tweets HTTP/1.1" 200 2120 "http://localhost:3000/users/login" "Mozilla/5.0 (Windows NT 10.0; Win64; x64) AppleWebKit/537.36 (KHTML, like Gecko) Chrome/76.0.3809.100 Safari/537.36"
::1 - - [Sun, 25 Aug 2019 14:01:30 GMT] "GET /javascripts/twitter.js HTTP/1.1" 304 - "http://localhost:3000/tweets" "Mozilla/5.0 (Windows NT 10.0; Win64; x64) AppleWebKit/537.36 (KHTML, like Gecko) Chrome/76.0.3809.100 Safari/537.36"
::1 - - [Sun, 25 Aug 2019 14:01:30 GMT] "GET /twitterIcon.jpg HTTP/1.1" 304 - "http://localhost:3000/tweets" "Mozilla/5.0 (Windows NT 10.0; Win64; x64) AppleWebKit/537.36 (KHTML, like Gecko) Chrome/76.0.3809.100 Safari/537.36"
::1 - - [Sun, 25 Aug 2019 14:01:30 GMT] "GET /favicon.ico HTTP/1.1" 304 - "http://localhost:3000/tweets" "Mozilla/5.0 (Windows NT 10.0; Win64; x64) AppleWebKit/537.36 (KHTML, like Gecko) Chrome/76.0.3809.100 Safari/537.36"
::1 - - [Sun, 25 Aug 2019 14:05:10 GMT] "GET / HTTP/1.1" 302 56 "-" "Mozilla/5.0 (Windows NT 10.0; Win64; x64) AppleWebKit/537.36 (KHTML, like Gecko) Chrome/76.0.3809.100 Safari/537.36"
::1 - - [Sun, 25 Aug 2019 14:05:10 GMT] "GET /users HTTP/1.1" 302 68 "-" "Mozilla/5.0 (Windows NT 10.0; Win64; x64) AppleWebKit/537.36 (KHTML, like Gecko) Chrome/76.0.3809.100 Safari/537.36"
::1 - - [Sun, 25 Aug 2019 14:05:10 GMT] "GET /users/login HTTP/1.1" 304 - "-" "Mozilla/5.0 (Windows NT 10.0; Win64; x64) AppleWebKit/537.36 (KHTML, like Gecko) Chrome/76.0.3809.100 Safari/537.36"
::1 - - [Sun, 25 Aug 2019 14:05:10 GMT] "GET /javascripts/twitter.js HTTP/1.1" 304 - "http://localhost:3000/users/login" "Mozilla/5.0 (Windows NT 10.0; Win64; x64) AppleWebKit/537.36 (KHTML, like Gecko) Chrome/76.0.3809.100 Safari/537.36"
::1 - - [Sun, 25 Aug 2019 14:05:10 GMT] "GET /twitterIcon.jpg HTTP/1.1" 304 - "http://localhost:3000/users/login" "Mozilla/5.0 (Windows NT 10.0; Win64; x64) AppleWebKit/537.36 (KHTML, like Gecko) Chrome/76.0.3809.100 Safari/537.36"
::1 - - [Sun, 25 Aug 2019 14:05:11 GMT] "GET /favicon.ico HTTP/1.1" 304 - "http://localhost:3000/users/login" "Mozilla/5.0 (Windows NT 10.0; Win64; x64) AppleWebKit/537.36 (KHTML, like Gecko) Chrome/76.0.3809.100 Safari/537.36"
::1 - - [Sun, 25 Aug 2019 14:05:16 GMT] "POST /users/session HTTP/1.1" 302 58 "http://localhost:3000/users/login" "Mozilla/5.0 (Windows NT 10.0; Win64; x64) AppleWebKit/537.36 (KHTML, like Gecko) Chrome/76.0.3809.100 Safari/537.36"
::1 - - [Sun, 25 Aug 2019 14:05:16 GMT] "GET /tweets HTTP/1.1" 304 - "http://localhost:3000/users/login" "Mozilla/5.0 (Windows NT 10.0; Win64; x64) AppleWebKit/537.36 (KHTML, like Gecko) Chrome/76.0.3809.100 Safari/537.36"
::1 - - [Sun, 25 Aug 2019 14:05:16 GMT] "GET /twitterIcon.jpg HTTP/1.1" 304 - "http://localhost:3000/tweets" "Mozilla/5.0 (Windows NT 10.0; Win64; x64) AppleWebKit/537.36 (KHTML, like Gecko) Chrome/76.0.3809.100 Safari/537.36"
::1 - - [Sun, 25 Aug 2019 14:05:16 GMT] "GET /javascripts/twitter.js HTTP/1.1" 304 - "http://localhost:3000/tweets" "Mozilla/5.0 (Windows NT 10.0; Win64; x64) AppleWebKit/537.36 (KHTML, like Gecko) Chrome/76.0.3809.100 Safari/537.36"
::1 - - [Sun, 25 Aug 2019 14:05:17 GMT] "GET /favicon.ico HTTP/1.1" 304 - "http://localhost:3000/tweets" "Mozilla/5.0 (Windows NT 10.0; Win64; x64) AppleWebKit/537.36 (KHTML, like Gecko) Chrome/76.0.3809.100 Safari/537.36"
::1 - - [Sun, 25 Aug 2019 14:05:37 GMT] "GET /tweets HTTP/1.1" 304 - "http://localhost:3000/users/login" "Mozilla/5.0 (Windows NT 10.0; Win64; x64) AppleWebKit/537.36 (KHTML, like Gecko) Chrome/76.0.3809.100 Safari/537.36"
::1 - - [Sun, 25 Aug 2019 14:05:37 GMT] "GET /javascripts/twitter.js HTTP/1.1" 304 - "http://localhost:3000/tweets" "Mozilla/5.0 (Windows NT 10.0; Win64; x64) AppleWebKit/537.36 (KHTML, like Gecko) Chrome/76.0.3809.100 Safari/537.36"
::1 - - [Sun, 25 Aug 2019 14:05:37 GMT] "GET /twitterIcon.jpg HTTP/1.1" 304 - "http://localhost:3000/tweets" "Mozilla/5.0 (Windows NT 10.0; Win64; x64) AppleWebKit/537.36 (KHTML, like Gecko) Chrome/76.0.3809.100 Safari/537.36"
::1 - - [Sun, 25 Aug 2019 14:05:43 GMT] "GET /favicon.ico HTTP/1.1" 200 5 "http://localhost:3000/tweets" "Mozilla/5.0 (Windows NT 10.0; Win64; x64) AppleWebKit/537.36 (KHTML, like Gecko) Chrome/76.0.3809.100 Safari/537.36"
::1 - - [Sun, 25 Aug 2019 14:06:26 GMT] "GET /tweets HTTP/1.1" 304 - "http://localhost:3000/users/login" "Mozilla/5.0 (Windows NT 10.0; Win64; x64) AppleWebKit/537.36 (KHTML, like Gecko) Chrome/76.0.3809.100 Safari/537.36"
::1 - - [Sun, 25 Aug 2019 14:06:26 GMT] "GET /javascripts/twitter.js HTTP/1.1" 304 - "http://localhost:3000/tweets" "Mozilla/5.0 (Windows NT 10.0; Win64; x64) AppleWebKit/537.36 (KHTML, like Gecko) Chrome/76.0.3809.100 Safari/537.36"
::1 - - [Sun, 25 Aug 2019 14:06:26 GMT] "GET /twitterIcon.jpg HTTP/1.1" 304 - "http://localhost:3000/tweets" "Mozilla/5.0 (Windows NT 10.0; Win64; x64) AppleWebKit/537.36 (KHTML, like Gecko) Chrome/76.0.3809.100 Safari/537.36"
::1 - - [Sun, 25 Aug 2019 14:06:26 GMT] "GET /favicon.ico HTTP/1.1" 200 5 "http://localhost:3000/tweets" "Mozilla/5.0 (Windows NT 10.0; Win64; x64) AppleWebKit/537.36 (KHTML, like Gecko) Chrome/76.0.3809.100 Safari/537.36"
::1 - - [Sun, 25 Aug 2019 14:06:50 GMT] "GET /tweets HTTP/1.1" 304 - "http://localhost:3000/users/login" "Mozilla/5.0 (Windows NT 10.0; Win64; x64) AppleWebKit/537.36 (KHTML, like Gecko) Chrome/76.0.3809.100 Safari/537.36"
::1 - - [Sun, 25 Aug 2019 14:06:50 GMT] "GET /javascripts/twitter.js HTTP/1.1" 304 - "http://localhost:3000/tweets" "Mozilla/5.0 (Windows NT 10.0; Win64; x64) AppleWebKit/537.36 (KHTML, like Gecko) Chrome/76.0.3809.100 Safari/537.36"
::1 - - [Sun, 25 Aug 2019 14:06:50 GMT] "GET /twitterIcon.jpg HTTP/1.1" 304 - "http://localhost:3000/tweets" "Mozilla/5.0 (Windows NT 10.0; Win64; x64) AppleWebKit/537.36 (KHTML, like Gecko) Chrome/76.0.3809.100 Safari/537.36"
::1 - - [Sun, 25 Aug 2019 14:06:50 GMT] "GET /favicon.ico HTTP/1.1" 200 5 "http://localhost:3000/tweets" "Mozilla/5.0 (Windows NT 10.0; Win64; x64) AppleWebKit/537.36 (KHTML, like Gecko) Chrome/76.0.3809.100 Safari/537.36"
::1 - - [Sun, 25 Aug 2019 14:07:10 GMT] "GET / HTTP/1.1" 302 56 "-" "Mozilla/5.0 (Windows NT 10.0; Win64; x64) AppleWebKit/537.36 (KHTML, like Gecko) Chrome/76.0.3809.100 Safari/537.36"
::1 - - [Sun, 25 Aug 2019 14:07:10 GMT] "GET /users HTTP/1.1" 302 68 "-" "Mozilla/5.0 (Windows NT 10.0; Win64; x64) AppleWebKit/537.36 (KHTML, like Gecko) Chrome/76.0.3809.100 Safari/537.36"
::1 - - [Sun, 25 Aug 2019 14:07:10 GMT] "GET /users/login HTTP/1.1" 304 - "-" "Mozilla/5.0 (Windows NT 10.0; Win64; x64) AppleWebKit/537.36 (KHTML, like Gecko) Chrome/76.0.3809.100 Safari/537.36"
::1 - - [Sun, 25 Aug 2019 14:07:10 GMT] "GET /javascripts/twitter.js HTTP/1.1" 304 - "http://localhost:3000/users/login" "Mozilla/5.0 (Windows NT 10.0; Win64; x64) AppleWebKit/537.36 (KHTML, like Gecko) Chrome/76.0.3809.100 Safari/537.36"
::1 - - [Sun, 25 Aug 2019 14:07:10 GMT] "GET /twitterIcon.jpg HTTP/1.1" 304 - "http://localhost:3000/users/login" "Mozilla/5.0 (Windows NT 10.0; Win64; x64) AppleWebKit/537.36 (KHTML, like Gecko) Chrome/76.0.3809.100 Safari/537.36"
::1 - - [Sun, 25 Aug 2019 14:07:10 GMT] "GET /favicon.ico HTTP/1.1" 304 - "http://localhost:3000/users/login" "Mozilla/5.0 (Windows NT 10.0; Win64; x64) AppleWebKit/537.36 (KHTML, like Gecko) Chrome/76.0.3809.100 Safari/537.36"
::1 - - [Sun, 25 Aug 2019 14:07:41 GMT] "GET /users/login HTTP/1.1" 304 - "-" "Mozilla/5.0 (Windows NT 10.0; Win64; x64) AppleWebKit/537.36 (KHTML, like Gecko) Chrome/76.0.3809.100 Safari/537.36"
::1 - - [Sun, 25 Aug 2019 14:07:41 GMT] "GET /javascripts/twitter.js HTTP/1.1" 304 - "http://localhost:3000/users/login" "Mozilla/5.0 (Windows NT 10.0; Win64; x64) AppleWebKit/537.36 (KHTML, like Gecko) Chrome/76.0.3809.100 Safari/537.36"
::1 - - [Sun, 25 Aug 2019 14:07:41 GMT] "GET /twitterIcon.jpg HTTP/1.1" 304 - "http://localhost:3000/users/login" "Mozilla/5.0 (Windows NT 10.0; Win64; x64) AppleWebKit/537.36 (KHTML, like Gecko) Chrome/76.0.3809.100 Safari/537.36"
::1 - - [Sun, 25 Aug 2019 14:07:41 GMT] "GET /favicon.ico HTTP/1.1" 200 5 "http://localhost:3000/users/login" "Mozilla/5.0 (Windows NT 10.0; Win64; x64) AppleWebKit/537.36 (KHTML, like Gecko) Chrome/76.0.3809.100 Safari/537.36"
::1 - - [Sun, 25 Aug 2019 14:07:55 GMT] "GET /users/login HTTP/1.1" 304 - "-" "Mozilla/5.0 (Windows NT 10.0; Win64; x64) AppleWebKit/537.36 (KHTML, like Gecko) Chrome/76.0.3809.100 Safari/537.36"
::1 - - [Sun, 25 Aug 2019 14:07:55 GMT] "GET /javascripts/twitter.js HTTP/1.1" 304 - "http://localhost:3000/users/login" "Mozilla/5.0 (Windows NT 10.0; Win64; x64) AppleWebKit/537.36 (KHTML, like Gecko) Chrome/76.0.3809.100 Safari/537.36"
::1 - - [Sun, 25 Aug 2019 14:07:55 GMT] "GET /twitterIcon.jpg HTTP/1.1" 304 - "http://localhost:3000/users/login" "Mozilla/5.0 (Windows NT 10.0; Win64; x64) AppleWebKit/537.36 (KHTML, like Gecko) Chrome/76.0.3809.100 Safari/537.36"
::1 - - [Sun, 25 Aug 2019 14:07:55 GMT] "GET /favicon.ico HTTP/1.1" 200 5 "http://localhost:3000/users/login" "Mozilla/5.0 (Windows NT 10.0; Win64; x64) AppleWebKit/537.36 (KHTML, like Gecko) Chrome/76.0.3809.100 Safari/537.36"
::1 - - [Sun, 25 Aug 2019 14:08:04 GMT] "GET /users/login HTTP/1.1" 304 - "-" "Mozilla/5.0 (Windows NT 10.0; Win64; x64) AppleWebKit/537.36 (KHTML, like Gecko) Chrome/76.0.3809.100 Safari/537.36"
::1 - - [Sun, 25 Aug 2019 14:08:04 GMT] "GET /javascripts/twitter.js HTTP/1.1" 304 - "http://localhost:3000/users/login" "Mozilla/5.0 (Windows NT 10.0; Win64; x64) AppleWebKit/537.36 (KHTML, like Gecko) Chrome/76.0.3809.100 Safari/537.36"
::1 - - [Sun, 25 Aug 2019 14:08:04 GMT] "GET /twitterIcon.jpg HTTP/1.1" 304 - "http://localhost:3000/users/login" "Mozilla/5.0 (Windows NT 10.0; Win64; x64) AppleWebKit/537.36 (KHTML, like Gecko) Chrome/76.0.3809.100 Safari/537.36"
::1 - - [Sun, 25 Aug 2019 14:08:04 GMT] "GET /favicon.ico HTTP/1.1" 200 5 "http://localhost:3000/users/login" "Mozilla/5.0 (Windows NT 10.0; Win64; x64) AppleWebKit/537.36 (KHTML, like Gecko) Chrome/76.0.3809.100 Safari/537.36"
::1 - - [Sun, 25 Aug 2019 14:10:16 GMT] "GET / HTTP/1.1" 302 56 "http://localhost:3000/users/login" "Mozilla/5.0 (Windows NT 10.0; Win64; x64) AppleWebKit/537.36 (KHTML, like Gecko) Chrome/76.0.3809.100 Safari/537.36"
::1 - - [Sun, 25 Aug 2019 14:10:16 GMT] "GET /users HTTP/1.1" 302 68 "http://localhost:3000/users/login" "Mozilla/5.0 (Windows NT 10.0; Win64; x64) AppleWebKit/537.36 (KHTML, like Gecko) Chrome/76.0.3809.100 Safari/537.36"
::1 - - [Sun, 25 Aug 2019 14:10:16 GMT] "GET /users/login HTTP/1.1" 304 - "http://localhost:3000/users/login" "Mozilla/5.0 (Windows NT 10.0; Win64; x64) AppleWebKit/537.36 (KHTML, like Gecko) Chrome/76.0.3809.100 Safari/537.36"
::1 - - [Sun, 25 Aug 2019 14:10:16 GMT] "GET /javascripts/twitter.js HTTP/1.1" 304 - "http://localhost:3000/users/login" "Mozilla/5.0 (Windows NT 10.0; Win64; x64) AppleWebKit/537.36 (KHTML, like Gecko) Chrome/76.0.3809.100 Safari/537.36"
::1 - - [Sun, 25 Aug 2019 14:10:16 GMT] "GET /twitterIcon.jpg HTTP/1.1" 304 - "http://localhost:3000/users/login" "Mozilla/5.0 (Windows NT 10.0; Win64; x64) AppleWebKit/537.36 (KHTML, like Gecko) Chrome/76.0.3809.100 Safari/537.36"
::1 - - [Sun, 25 Aug 2019 14:10:16 GMT] "GET /favicon.ico HTTP/1.1" 304 - "http://localhost:3000/users/login" "Mozilla/5.0 (Windows NT 10.0; Win64; x64) AppleWebKit/537.36 (KHTML, like Gecko) Chrome/76.0.3809.100 Safari/537.36"
::1 - - [Sun, 25 Aug 2019 14:10:21 GMT] "POST /users/session HTTP/1.1" 302 58 "http://localhost:3000/users/login" "Mozilla/5.0 (Windows NT 10.0; Win64; x64) AppleWebKit/537.36 (KHTML, like Gecko) Chrome/76.0.3809.100 Safari/537.36"
::1 - - [Sun, 25 Aug 2019 14:10:21 GMT] "GET /tweets HTTP/1.1" 304 - "http://localhost:3000/users/login" "Mozilla/5.0 (Windows NT 10.0; Win64; x64) AppleWebKit/537.36 (KHTML, like Gecko) Chrome/76.0.3809.100 Safari/537.36"
::1 - - [Sun, 25 Aug 2019 14:10:21 GMT] "GET /twitterIcon.jpg HTTP/1.1" 304 - "http://localhost:3000/tweets" "Mozilla/5.0 (Windows NT 10.0; Win64; x64) AppleWebKit/537.36 (KHTML, like Gecko) Chrome/76.0.3809.100 Safari/537.36"
::1 - - [Sun, 25 Aug 2019 14:10:21 GMT] "GET /javascripts/twitter.js HTTP/1.1" 304 - "http://localhost:3000/tweets" "Mozilla/5.0 (Windows NT 10.0; Win64; x64) AppleWebKit/537.36 (KHTML, like Gecko) Chrome/76.0.3809.100 Safari/537.36"
::1 - - [Sun, 25 Aug 2019 14:10:21 GMT] "GET /favicon.ico HTTP/1.1" 304 - "http://localhost:3000/tweets" "Mozilla/5.0 (Windows NT 10.0; Win64; x64) AppleWebKit/537.36 (KHTML, like Gecko) Chrome/76.0.3809.100 Safari/537.36"
::1 - - [Sun, 25 Aug 2019 14:10:25 GMT] "GET /tweets HTTP/1.1" 304 - "http://localhost:3000/users/login" "Mozilla/5.0 (Windows NT 10.0; Win64; x64) AppleWebKit/537.36 (KHTML, like Gecko) Chrome/76.0.3809.100 Safari/537.36"
::1 - - [Sun, 25 Aug 2019 14:10:25 GMT] "GET /javascripts/twitter.js HTTP/1.1" 304 - "http://localhost:3000/tweets" "Mozilla/5.0 (Windows NT 10.0; Win64; x64) AppleWebKit/537.36 (KHTML, like Gecko) Chrome/76.0.3809.100 Safari/537.36"
::1 - - [Sun, 25 Aug 2019 14:10:25 GMT] "GET /twitterIcon.jpg HTTP/1.1" 304 - "http://localhost:3000/tweets" "Mozilla/5.0 (Windows NT 10.0; Win64; x64) AppleWebKit/537.36 (KHTML, like Gecko) Chrome/76.0.3809.100 Safari/537.36"
::1 - - [Sun, 25 Aug 2019 14:10:25 GMT] "GET /favicon.ico HTTP/1.1" 200 5 "http://localhost:3000/tweets" "Mozilla/5.0 (Windows NT 10.0; Win64; x64) AppleWebKit/537.36 (KHTML, like Gecko) Chrome/76.0.3809.100 Safari/537.36"
::1 - - [Sun, 25 Aug 2019 14:10:50 GMT] "GET /tweets HTTP/1.1" 304 - "http://localhost:3000/users/login" "Mozilla/5.0 (Windows NT 10.0; Win64; x64) AppleWebKit/537.36 (KHTML, like Gecko) Chrome/76.0.3809.100 Safari/537.36"
::1 - - [Sun, 25 Aug 2019 14:10:50 GMT] "GET /javascripts/twitter.js HTTP/1.1" 304 - "http://localhost:3000/tweets" "Mozilla/5.0 (Windows NT 10.0; Win64; x64) AppleWebKit/537.36 (KHTML, like Gecko) Chrome/76.0.3809.100 Safari/537.36"
::1 - - [Sun, 25 Aug 2019 14:10:50 GMT] "GET /twitterIcon.jpg HTTP/1.1" 304 - "http://localhost:3000/tweets" "Mozilla/5.0 (Windows NT 10.0; Win64; x64) AppleWebKit/537.36 (KHTML, like Gecko) Chrome/76.0.3809.100 Safari/537.36"
::1 - - [Sun, 25 Aug 2019 14:10:50 GMT] "GET /favicon.ico HTTP/1.1" 200 5 "http://localhost:3000/tweets" "Mozilla/5.0 (Windows NT 10.0; Win64; x64) AppleWebKit/537.36 (KHTML, like Gecko) Chrome/76.0.3809.100 Safari/537.36"
::1 - - [Sun, 25 Aug 2019 14:11:21 GMT] "GET /tweets HTTP/1.1" 304 - "http://localhost:3000/users/login" "Mozilla/5.0 (Windows NT 10.0; Win64; x64) AppleWebKit/537.36 (KHTML, like Gecko) Chrome/76.0.3809.100 Safari/537.36"
::1 - - [Sun, 25 Aug 2019 14:11:21 GMT] "GET /javascripts/twitter.js HTTP/1.1" 304 - "http://localhost:3000/tweets" "Mozilla/5.0 (Windows NT 10.0; Win64; x64) AppleWebKit/537.36 (KHTML, like Gecko) Chrome/76.0.3809.100 Safari/537.36"
::1 - - [Sun, 25 Aug 2019 14:11:21 GMT] "GET /twitterIcon.jpg HTTP/1.1" 304 - "http://localhost:3000/tweets" "Mozilla/5.0 (Windows NT 10.0; Win64; x64) AppleWebKit/537.36 (KHTML, like Gecko) Chrome/76.0.3809.100 Safari/537.36"
::1 - - [Sun, 25 Aug 2019 14:11:21 GMT] "GET /favicon.ico HTTP/1.1" 200 5 "http://localhost:3000/tweets" "Mozilla/5.0 (Windows NT 10.0; Win64; x64) AppleWebKit/537.36 (KHTML, like Gecko) Chrome/76.0.3809.100 Safari/537.36"
::1 - - [Sun, 25 Aug 2019 14:11:31 GMT] "GET / HTTP/1.1" 302 56 "http://localhost:3000/tweets" "Mozilla/5.0 (Windows NT 10.0; Win64; x64) AppleWebKit/537.36 (KHTML, like Gecko) Chrome/76.0.3809.100 Safari/537.36"
::1 - - [Sun, 25 Aug 2019 14:11:31 GMT] "GET /users HTTP/1.1" 302 68 "http://localhost:3000/tweets" "Mozilla/5.0 (Windows NT 10.0; Win64; x64) AppleWebKit/537.36 (KHTML, like Gecko) Chrome/76.0.3809.100 Safari/537.36"
::1 - - [Sun, 25 Aug 2019 14:11:32 GMT] "GET /users/login HTTP/1.1" 304 - "http://localhost:3000/tweets" "Mozilla/5.0 (Windows NT 10.0; Win64; x64) AppleWebKit/537.36 (KHTML, like Gecko) Chrome/76.0.3809.100 Safari/537.36"
::1 - - [Sun, 25 Aug 2019 14:11:32 GMT] "GET /javascripts/twitter.js HTTP/1.1" 304 - "http://localhost:3000/users/login" "Mozilla/5.0 (Windows NT 10.0; Win64; x64) AppleWebKit/537.36 (KHTML, like Gecko) Chrome/76.0.3809.100 Safari/537.36"
::1 - - [Sun, 25 Aug 2019 14:11:32 GMT] "GET /twitterIcon.jpg HTTP/1.1" 304 - "http://localhost:3000/users/login" "Mozilla/5.0 (Windows NT 10.0; Win64; x64) AppleWebKit/537.36 (KHTML, like Gecko) Chrome/76.0.3809.100 Safari/537.36"
::1 - - [Sun, 25 Aug 2019 14:11:32 GMT] "GET /favicon.ico HTTP/1.1" 304 - "http://localhost:3000/users/login" "Mozilla/5.0 (Windows NT 10.0; Win64; x64) AppleWebKit/537.36 (KHTML, like Gecko) Chrome/76.0.3809.100 Safari/537.36"
::1 - - [Sun, 25 Aug 2019 14:11:51 GMT] "GET / HTTP/1.1" 302 56 "-" "Mozilla/5.0 (Windows NT 10.0; Win64; x64) AppleWebKit/537.36 (KHTML, like Gecko) Chrome/76.0.3809.100 Safari/537.36"
::1 - - [Sun, 25 Aug 2019 14:11:51 GMT] "GET /users HTTP/1.1" 302 68 "-" "Mozilla/5.0 (Windows NT 10.0; Win64; x64) AppleWebKit/537.36 (KHTML, like Gecko) Chrome/76.0.3809.100 Safari/537.36"
::1 - - [Sun, 25 Aug 2019 14:11:51 GMT] "GET /users/login HTTP/1.1" 304 - "-" "Mozilla/5.0 (Windows NT 10.0; Win64; x64) AppleWebKit/537.36 (KHTML, like Gecko) Chrome/76.0.3809.100 Safari/537.36"
::1 - - [Sun, 25 Aug 2019 14:11:51 GMT] "GET /javascripts/twitter.js HTTP/1.1" 304 - "http://localhost:3000/users/login" "Mozilla/5.0 (Windows NT 10.0; Win64; x64) AppleWebKit/537.36 (KHTML, like Gecko) Chrome/76.0.3809.100 Safari/537.36"
::1 - - [Sun, 25 Aug 2019 14:11:51 GMT] "GET /twitterIcon.jpg HTTP/1.1" 304 - "http://localhost:3000/users/login" "Mozilla/5.0 (Windows NT 10.0; Win64; x64) AppleWebKit/537.36 (KHTML, like Gecko) Chrome/76.0.3809.100 Safari/537.36"
::1 - - [Sun, 25 Aug 2019 14:11:51 GMT] "GET /favicon.ico HTTP/1.1" 304 - "http://localhost:3000/users/login" "Mozilla/5.0 (Windows NT 10.0; Win64; x64) AppleWebKit/537.36 (KHTML, like Gecko) Chrome/76.0.3809.100 Safari/537.36"
::1 - - [Sun, 25 Aug 2019 14:18:13 GMT] "GET /users/login HTTP/1.1" 304 - "http://localhost:3000/tweets" "Mozilla/5.0 (Windows NT 10.0; Win64; x64) AppleWebKit/537.36 (KHTML, like Gecko) Chrome/76.0.3809.100 Safari/537.36"
::1 - - [Sun, 25 Aug 2019 14:18:13 GMT] "GET /javascripts/twitter.js HTTP/1.1" 304 - "http://localhost:3000/users/login" "Mozilla/5.0 (Windows NT 10.0; Win64; x64) AppleWebKit/537.36 (KHTML, like Gecko) Chrome/76.0.3809.100 Safari/537.36"
::1 - - [Sun, 25 Aug 2019 14:18:13 GMT] "GET /twitterIcon.jpg HTTP/1.1" 304 - "http://localhost:3000/users/login" "Mozilla/5.0 (Windows NT 10.0; Win64; x64) AppleWebKit/537.36 (KHTML, like Gecko) Chrome/76.0.3809.100 Safari/537.36"
::1 - - [Sun, 25 Aug 2019 14:18:13 GMT] "GET /favicon.ico HTTP/1.1" 200 5 "http://localhost:3000/users/login" "Mozilla/5.0 (Windows NT 10.0; Win64; x64) AppleWebKit/537.36 (KHTML, like Gecko) Chrome/76.0.3809.100 Safari/537.36"
::1 - - [Sun, 25 Aug 2019 14:19:23 GMT] "GET /users/login HTTP/1.1" 304 - "http://localhost:3000/tweets" "Mozilla/5.0 (Windows NT 10.0; Win64; x64) AppleWebKit/537.36 (KHTML, like Gecko) Chrome/76.0.3809.100 Safari/537.36"
::1 - - [Sun, 25 Aug 2019 14:19:23 GMT] "GET /javascripts/twitter.js HTTP/1.1" 304 - "http://localhost:3000/users/login" "Mozilla/5.0 (Windows NT 10.0; Win64; x64) AppleWebKit/537.36 (KHTML, like Gecko) Chrome/76.0.3809.100 Safari/537.36"
::1 - - [Sun, 25 Aug 2019 14:19:23 GMT] "GET /twitterIcon.jpg HTTP/1.1" 304 - "http://localhost:3000/users/login" "Mozilla/5.0 (Windows NT 10.0; Win64; x64) AppleWebKit/537.36 (KHTML, like Gecko) Chrome/76.0.3809.100 Safari/537.36"
::1 - - [Sun, 25 Aug 2019 14:19:23 GMT] "GET /favicon.ico HTTP/1.1" 200 5 "http://localhost:3000/users/login" "Mozilla/5.0 (Windows NT 10.0; Win64; x64) AppleWebKit/537.36 (KHTML, like Gecko) Chrome/76.0.3809.100 Safari/537.36"
::1 - - [Sun, 25 Aug 2019 14:19:39 GMT] "GET /users/login HTTP/1.1" 304 - "http://localhost:3000/tweets" "Mozilla/5.0 (Windows NT 10.0; Win64; x64) AppleWebKit/537.36 (KHTML, like Gecko) Chrome/76.0.3809.100 Safari/537.36"
::1 - - [Sun, 25 Aug 2019 14:19:39 GMT] "GET /javascripts/twitter.js HTTP/1.1" 304 - "http://localhost:3000/users/login" "Mozilla/5.0 (Windows NT 10.0; Win64; x64) AppleWebKit/537.36 (KHTML, like Gecko) Chrome/76.0.3809.100 Safari/537.36"
::1 - - [Sun, 25 Aug 2019 14:19:39 GMT] "GET /twitterIcon.jpg HTTP/1.1" 304 - "http://localhost:3000/users/login" "Mozilla/5.0 (Windows NT 10.0; Win64; x64) AppleWebKit/537.36 (KHTML, like Gecko) Chrome/76.0.3809.100 Safari/537.36"
::1 - - [Sun, 25 Aug 2019 14:19:39 GMT] "GET /favicon.ico HTTP/1.1" 200 5 "http://localhost:3000/users/login" "Mozilla/5.0 (Windows NT 10.0; Win64; x64) AppleWebKit/537.36 (KHTML, like Gecko) Chrome/76.0.3809.100 Safari/537.36"
::1 - - [Sun, 25 Aug 2019 14:19:59 GMT] "GET / HTTP/1.1" 302 56 "-" "Mozilla/5.0 (Windows NT 10.0; Win64; x64) AppleWebKit/537.36 (KHTML, like Gecko) Chrome/76.0.3809.100 Safari/537.36"
::1 - - [Sun, 25 Aug 2019 14:19:59 GMT] "GET /users HTTP/1.1" 302 68 "-" "Mozilla/5.0 (Windows NT 10.0; Win64; x64) AppleWebKit/537.36 (KHTML, like Gecko) Chrome/76.0.3809.100 Safari/537.36"
::1 - - [Sun, 25 Aug 2019 14:20:00 GMT] "GET /users/login HTTP/1.1" 304 - "-" "Mozilla/5.0 (Windows NT 10.0; Win64; x64) AppleWebKit/537.36 (KHTML, like Gecko) Chrome/76.0.3809.100 Safari/537.36"
::1 - - [Sun, 25 Aug 2019 14:20:00 GMT] "GET /javascripts/twitter.js HTTP/1.1" 304 - "http://localhost:3000/users/login" "Mozilla/5.0 (Windows NT 10.0; Win64; x64) AppleWebKit/537.36 (KHTML, like Gecko) Chrome/76.0.3809.100 Safari/537.36"
::1 - - [Sun, 25 Aug 2019 14:20:00 GMT] "GET /twitterIcon.jpg HTTP/1.1" 304 - "http://localhost:3000/users/login" "Mozilla/5.0 (Windows NT 10.0; Win64; x64) AppleWebKit/537.36 (KHTML, like Gecko) Chrome/76.0.3809.100 Safari/537.36"
::1 - - [Sun, 25 Aug 2019 14:20:00 GMT] "GET /favicon.ico HTTP/1.1" 304 - "http://localhost:3000/users/login" "Mozilla/5.0 (Windows NT 10.0; Win64; x64) AppleWebKit/537.36 (KHTML, like Gecko) Chrome/76.0.3809.100 Safari/537.36"
::1 - - [Sun, 25 Aug 2019 14:36:09 GMT] "GET /users/login HTTP/1.1" 304 - "-" "Mozilla/5.0 (Windows NT 10.0; Win64; x64) AppleWebKit/537.36 (KHTML, like Gecko) Chrome/76.0.3809.100 Safari/537.36"
::1 - - [Sun, 25 Aug 2019 14:36:09 GMT] "GET /javascripts/twitter.js HTTP/1.1" 304 - "http://localhost:3000/users/login" "Mozilla/5.0 (Windows NT 10.0; Win64; x64) AppleWebKit/537.36 (KHTML, like Gecko) Chrome/76.0.3809.100 Safari/537.36"
::1 - - [Sun, 25 Aug 2019 14:36:09 GMT] "GET /twitterIcon.jpg HTTP/1.1" 304 - "http://localhost:3000/users/login" "Mozilla/5.0 (Windows NT 10.0; Win64; x64) AppleWebKit/537.36 (KHTML, like Gecko) Chrome/76.0.3809.100 Safari/537.36"
::1 - - [Sun, 25 Aug 2019 14:36:09 GMT] "GET /favicon.ico HTTP/1.1" 200 5 "http://localhost:3000/users/login" "Mozilla/5.0 (Windows NT 10.0; Win64; x64) AppleWebKit/537.36 (KHTML, like Gecko) Chrome/76.0.3809.100 Safari/537.36"
::1 - - [Sun, 25 Aug 2019 14:36:35 GMT] "GET /users/login HTTP/1.1" 304 - "-" "Mozilla/5.0 (Windows NT 10.0; Win64; x64) AppleWebKit/537.36 (KHTML, like Gecko) Chrome/76.0.3809.100 Safari/537.36"
::1 - - [Sun, 25 Aug 2019 14:36:35 GMT] "GET /javascripts/twitter.js HTTP/1.1" 304 - "http://localhost:3000/users/login" "Mozilla/5.0 (Windows NT 10.0; Win64; x64) AppleWebKit/537.36 (KHTML, like Gecko) Chrome/76.0.3809.100 Safari/537.36"
::1 - - [Sun, 25 Aug 2019 14:36:35 GMT] "GET /twitterIcon.jpg HTTP/1.1" 304 - "http://localhost:3000/users/login" "Mozilla/5.0 (Windows NT 10.0; Win64; x64) AppleWebKit/537.36 (KHTML, like Gecko) Chrome/76.0.3809.100 Safari/537.36"
::1 - - [Sun, 25 Aug 2019 14:36:35 GMT] "GET /favicon.ico HTTP/1.1" 200 5 "http://localhost:3000/users/login" "Mozilla/5.0 (Windows NT 10.0; Win64; x64) AppleWebKit/537.36 (KHTML, like Gecko) Chrome/76.0.3809.100 Safari/537.36"
::1 - - [Mon, 26 Aug 2019 08:16:58 GMT] "GET / HTTP/1.1" 302 56 "-" "Mozilla/5.0 (Windows NT 10.0; Win64; x64) AppleWebKit/537.36 (KHTML, like Gecko) Chrome/76.0.3809.100 Safari/537.36"
::1 - - [Mon, 26 Aug 2019 08:16:58 GMT] "GET /users HTTP/1.1" 302 68 "-" "Mozilla/5.0 (Windows NT 10.0; Win64; x64) AppleWebKit/537.36 (KHTML, like Gecko) Chrome/76.0.3809.100 Safari/537.36"
::1 - - [Mon, 26 Aug 2019 08:17:00 GMT] "GET /users/login HTTP/1.1" 304 - "-" "Mozilla/5.0 (Windows NT 10.0; Win64; x64) AppleWebKit/537.36 (KHTML, like Gecko) Chrome/76.0.3809.100 Safari/537.36"
::1 - - [Mon, 26 Aug 2019 08:17:00 GMT] "GET /javascripts/twitter.js HTTP/1.1" 304 - "http://localhost:3000/users/login" "Mozilla/5.0 (Windows NT 10.0; Win64; x64) AppleWebKit/537.36 (KHTML, like Gecko) Chrome/76.0.3809.100 Safari/537.36"
::1 - - [Mon, 26 Aug 2019 08:17:00 GMT] "GET /twitterIcon.jpg HTTP/1.1" 304 - "http://localhost:3000/users/login" "Mozilla/5.0 (Windows NT 10.0; Win64; x64) AppleWebKit/537.36 (KHTML, like Gecko) Chrome/76.0.3809.100 Safari/537.36"
::1 - - [Mon, 26 Aug 2019 08:17:00 GMT] "GET /favicon.ico HTTP/1.1" 200 5 "http://localhost:3000/users/login" "Mozilla/5.0 (Windows NT 10.0; Win64; x64) AppleWebKit/537.36 (KHTML, like Gecko) Chrome/76.0.3809.100 Safari/537.36"
::1 - - [Mon, 26 Aug 2019 08:17:08 GMT] "GET /users/new HTTP/1.1" 302 68 "-" "Mozilla/5.0 (Windows NT 10.0; Win64; x64) AppleWebKit/537.36 (KHTML, like Gecko) Chrome/76.0.3809.100 Safari/537.36"
::1 - - [Mon, 26 Aug 2019 08:17:08 GMT] "GET /users/login HTTP/1.1" 304 - "-" "Mozilla/5.0 (Windows NT 10.0; Win64; x64) AppleWebKit/537.36 (KHTML, like Gecko) Chrome/76.0.3809.100 Safari/537.36"
::1 - - [Mon, 26 Aug 2019 08:17:08 GMT] "GET /javascripts/twitter.js HTTP/1.1" 304 - "http://localhost:3000/users/login" "Mozilla/5.0 (Windows NT 10.0; Win64; x64) AppleWebKit/537.36 (KHTML, like Gecko) Chrome/76.0.3809.100 Safari/537.36"
::1 - - [Mon, 26 Aug 2019 08:17:08 GMT] "GET /twitterIcon.jpg HTTP/1.1" 304 - "http://localhost:3000/users/login" "Mozilla/5.0 (Windows NT 10.0; Win64; x64) AppleWebKit/537.36 (KHTML, like Gecko) Chrome/76.0.3809.100 Safari/537.36"
::1 - - [Mon, 26 Aug 2019 08:17:08 GMT] "GET /favicon.ico HTTP/1.1" 304 - "http://localhost:3000/users/login" "Mozilla/5.0 (Windows NT 10.0; Win64; x64) AppleWebKit/537.36 (KHTML, like Gecko) Chrome/76.0.3809.100 Safari/537.36"
::1 - - [Mon, 26 Aug 2019 08:17:12 GMT] "GET /users/sign_up HTTP/1.1" 200 - "-" "Mozilla/5.0 (Windows NT 10.0; Win64; x64) AppleWebKit/537.36 (KHTML, like Gecko) Chrome/76.0.3809.100 Safari/537.36"
::1 - - [Mon, 26 Aug 2019 08:17:12 GMT] "GET /javascripts/twitter.js HTTP/1.1" 304 - "http://localhost:3000/users/sign_up" "Mozilla/5.0 (Windows NT 10.0; Win64; x64) AppleWebKit/537.36 (KHTML, like Gecko) Chrome/76.0.3809.100 Safari/537.36"
::1 - - [Mon, 26 Aug 2019 08:17:12 GMT] "GET /twitterIcon.jpg HTTP/1.1" 304 - "http://localhost:3000/users/sign_up" "Mozilla/5.0 (Windows NT 10.0; Win64; x64) AppleWebKit/537.36 (KHTML, like Gecko) Chrome/76.0.3809.100 Safari/537.36"
::1 - - [Mon, 26 Aug 2019 08:17:15 GMT] "GET /javascripts/twitter.js HTTP/1.1" 304 - "http://localhost:3000/users/sign_up" "Mozilla/5.0 (Windows NT 10.0; Win64; x64) AppleWebKit/537.36 (KHTML, like Gecko) Chrome/76.0.3809.100 Safari/537.36"
::1 - - [Mon, 26 Aug 2019 08:17:15 GMT] "GET /twitterIcon.jpg HTTP/1.1" 304 - "http://localhost:3000/users/sign_up" "Mozilla/5.0 (Windows NT 10.0; Win64; x64) AppleWebKit/537.36 (KHTML, like Gecko) Chrome/76.0.3809.100 Safari/537.36"
::1 - - [Mon, 26 Aug 2019 08:17:15 GMT] "GET /favicon.ico HTTP/1.1" 304 - "http://localhost:3000/users/sign_up" "Mozilla/5.0 (Windows NT 10.0; Win64; x64) AppleWebKit/537.36 (KHTML, like Gecko) Chrome/76.0.3809.100 Safari/537.36"
::1 - - [Mon, 26 Aug 2019 08:19:21 GMT] "POST /users HTTP/1.1" - - "http://localhost:3000/users/sign_up" "Mozilla/5.0 (Windows NT 10.0; Win64; x64) AppleWebKit/537.36 (KHTML, like Gecko) Chrome/76.0.3809.100 Safari/537.36"
::1 - - [Mon, 26 Aug 2019 08:37:19 GMT] "POST /users HTTP/1.1" - - "http://localhost:3000/users/sign_up" "Mozilla/5.0 (Windows NT 10.0; Win64; x64) AppleWebKit/537.36 (KHTML, like Gecko) Chrome/76.0.3809.100 Safari/537.36"
::1 - - [Mon, 26 Aug 2019 08:37:19 GMT] "GET / HTTP/1.1" 302 56 "-" "Mozilla/5.0 (Windows NT 10.0; Win64; x64) AppleWebKit/537.36 (KHTML, like Gecko) Chrome/76.0.3809.100 Safari/537.36"
::1 - - [Mon, 26 Aug 2019 08:37:19 GMT] "GET /users HTTP/1.1" 302 68 "-" "Mozilla/5.0 (Windows NT 10.0; Win64; x64) AppleWebKit/537.36 (KHTML, like Gecko) Chrome/76.0.3809.100 Safari/537.36"
::1 - - [Mon, 26 Aug 2019 08:37:19 GMT] "GET /users/login HTTP/1.1" 304 - "-" "Mozilla/5.0 (Windows NT 10.0; Win64; x64) AppleWebKit/537.36 (KHTML, like Gecko) Chrome/76.0.3809.100 Safari/537.36"
::1 - - [Mon, 26 Aug 2019 08:37:19 GMT] "GET /javascripts/twitter.js HTTP/1.1" 304 - "http://localhost:3000/users/login" "Mozilla/5.0 (Windows NT 10.0; Win64; x64) AppleWebKit/537.36 (KHTML, like Gecko) Chrome/76.0.3809.100 Safari/537.36"
::1 - - [Mon, 26 Aug 2019 08:37:19 GMT] "GET /twitterIcon.jpg HTTP/1.1" 304 - "http://localhost:3000/users/login" "Mozilla/5.0 (Windows NT 10.0; Win64; x64) AppleWebKit/537.36 (KHTML, like Gecko) Chrome/76.0.3809.100 Safari/537.36"
::1 - - [Mon, 26 Aug 2019 08:37:19 GMT] "GET /javascripts/twitter.js HTTP/1.1" 304 - "http://localhost:3000/users/login" "Mozilla/5.0 (Windows NT 10.0; Win64; x64) AppleWebKit/537.36 (KHTML, like Gecko) Chrome/76.0.3809.100 Safari/537.36"
::1 - - [Mon, 26 Aug 2019 08:37:19 GMT] "GET /twitterIcon.jpg HTTP/1.1" 304 - "http://localhost:3000/users/login" "Mozilla/5.0 (Windows NT 10.0; Win64; x64) AppleWebKit/537.36 (KHTML, like Gecko) Chrome/76.0.3809.100 Safari/537.36"
::1 - - [Mon, 26 Aug 2019 08:37:19 GMT] "GET /favicon.ico HTTP/1.1" 304 - "http://localhost:3000/users/login" "Mozilla/5.0 (Windows NT 10.0; Win64; x64) AppleWebKit/537.36 (KHTML, like Gecko) Chrome/76.0.3809.100 Safari/537.36"
::1 - - [Mon, 26 Aug 2019 08:37:27 GMT] "POST /users/session HTTP/1.1" 302 58 "http://localhost:3000/users/login" "Mozilla/5.0 (Windows NT 10.0; Win64; x64) AppleWebKit/537.36 (KHTML, like Gecko) Chrome/76.0.3809.100 Safari/537.36"
::1 - - [Mon, 26 Aug 2019 08:37:53 GMT] "GET / HTTP/1.1" 302 56 "-" "Mozilla/5.0 (Windows NT 10.0; Win64; x64) AppleWebKit/537.36 (KHTML, like Gecko) Chrome/76.0.3809.100 Safari/537.36"
::1 - - [Mon, 26 Aug 2019 08:37:53 GMT] "GET /users HTTP/1.1" 302 68 "-" "Mozilla/5.0 (Windows NT 10.0; Win64; x64) AppleWebKit/537.36 (KHTML, like Gecko) Chrome/76.0.3809.100 Safari/537.36"
::1 - - [Mon, 26 Aug 2019 08:37:54 GMT] "GET /users/login HTTP/1.1" 304 - "-" "Mozilla/5.0 (Windows NT 10.0; Win64; x64) AppleWebKit/537.36 (KHTML, like Gecko) Chrome/76.0.3809.100 Safari/537.36"
::1 - - [Mon, 26 Aug 2019 08:37:54 GMT] "GET /javascripts/twitter.js HTTP/1.1" 304 - "http://localhost:3000/users/login" "Mozilla/5.0 (Windows NT 10.0; Win64; x64) AppleWebKit/537.36 (KHTML, like Gecko) Chrome/76.0.3809.100 Safari/537.36"
::1 - - [Mon, 26 Aug 2019 08:37:54 GMT] "GET /twitterIcon.jpg HTTP/1.1" 304 - "http://localhost:3000/users/login" "Mozilla/5.0 (Windows NT 10.0; Win64; x64) AppleWebKit/537.36 (KHTML, like Gecko) Chrome/76.0.3809.100 Safari/537.36"
::1 - - [Mon, 26 Aug 2019 08:37:54 GMT] "GET /favicon.ico HTTP/1.1" 304 - "http://localhost:3000/users/login" "Mozilla/5.0 (Windows NT 10.0; Win64; x64) AppleWebKit/537.36 (KHTML, like Gecko) Chrome/76.0.3809.100 Safari/537.36"
::1 - - [Mon, 26 Aug 2019 08:37:59 GMT] "POST /users/session HTTP/1.1" 302 58 "http://localhost:3000/users/login" "Mozilla/5.0 (Windows NT 10.0; Win64; x64) AppleWebKit/537.36 (KHTML, like Gecko) Chrome/76.0.3809.100 Safari/537.36"
::1 - - [Mon, 26 Aug 2019 08:39:25 GMT] "GET /tweets HTTP/1.1" 200 - "http://localhost:3000/users/login" "Mozilla/5.0 (Windows NT 10.0; Win64; x64) AppleWebKit/537.36 (KHTML, like Gecko) Chrome/76.0.3809.100 Safari/537.36"
::1 - - [Mon, 26 Aug 2019 08:39:26 GMT] "GET /javascripts/twitter.js HTTP/1.1" 304 - "http://localhost:3000/tweets" "Mozilla/5.0 (Windows NT 10.0; Win64; x64) AppleWebKit/537.36 (KHTML, like Gecko) Chrome/76.0.3809.100 Safari/537.36"
::ffff:127.0.0.1 - - [Mon, 26 Aug 2019 08:39:26 GMT] "GET /twitterIcon.jpg HTTP/1.1" 304 - "http://localhost:3000/tweets" "Mozilla/5.0 (Windows NT 10.0; Win64; x64) AppleWebKit/537.36 (KHTML, like Gecko) Chrome/76.0.3809.100 Safari/537.36"
::ffff:127.0.0.1 - - [Mon, 26 Aug 2019 08:39:26 GMT] "GET /favicon.ico HTTP/1.1" 304 - "http://localhost:3000/tweets" "Mozilla/5.0 (Windows NT 10.0; Win64; x64) AppleWebKit/537.36 (KHTML, like Gecko) Chrome/76.0.3809.100 Safari/537.36"
::1 - - [Mon, 26 Aug 2019 08:39:31 GMT] "GET / HTTP/1.1" 302 56 "-" "Mozilla/5.0 (Windows NT 10.0; Win64; x64) AppleWebKit/537.36 (KHTML, like Gecko) Chrome/76.0.3809.100 Safari/537.36"
::1 - - [Mon, 26 Aug 2019 08:39:31 GMT] "GET /users HTTP/1.1" 302 68 "-" "Mozilla/5.0 (Windows NT 10.0; Win64; x64) AppleWebKit/537.36 (KHTML, like Gecko) Chrome/76.0.3809.100 Safari/537.36"
::1 - - [Mon, 26 Aug 2019 08:39:31 GMT] "GET /users/login HTTP/1.1" 304 - "-" "Mozilla/5.0 (Windows NT 10.0; Win64; x64) AppleWebKit/537.36 (KHTML, like Gecko) Chrome/76.0.3809.100 Safari/537.36"
::1 - - [Mon, 26 Aug 2019 08:39:32 GMT] "GET /javascripts/twitter.js HTTP/1.1" 304 - "http://localhost:3000/users/login" "Mozilla/5.0 (Windows NT 10.0; Win64; x64) AppleWebKit/537.36 (KHTML, like Gecko) Chrome/76.0.3809.100 Safari/537.36"
::1 - - [Mon, 26 Aug 2019 08:39:32 GMT] "GET /twitterIcon.jpg HTTP/1.1" 304 - "http://localhost:3000/users/login" "Mozilla/5.0 (Windows NT 10.0; Win64; x64) AppleWebKit/537.36 (KHTML, like Gecko) Chrome/76.0.3809.100 Safari/537.36"
::1 - - [Mon, 26 Aug 2019 08:39:32 GMT] "GET /javascripts/twitter.js HTTP/1.1" 304 - "http://localhost:3000/users/login" "Mozilla/5.0 (Windows NT 10.0; Win64; x64) AppleWebKit/537.36 (KHTML, like Gecko) Chrome/76.0.3809.100 Safari/537.36"
::1 - - [Mon, 26 Aug 2019 08:39:32 GMT] "GET /twitterIcon.jpg HTTP/1.1" 304 - "http://localhost:3000/users/login" "Mozilla/5.0 (Windows NT 10.0; Win64; x64) AppleWebKit/537.36 (KHTML, like Gecko) Chrome/76.0.3809.100 Safari/537.36"
::1 - - [Mon, 26 Aug 2019 08:39:32 GMT] "GET /favicon.ico HTTP/1.1" 304 - "http://localhost:3000/users/login" "Mozilla/5.0 (Windows NT 10.0; Win64; x64) AppleWebKit/537.36 (KHTML, like Gecko) Chrome/76.0.3809.100 Safari/537.36"
::1 - - [Mon, 26 Aug 2019 08:39:41 GMT] "POST /users/session HTTP/1.1" 302 58 "http://localhost:3000/users/login" "Mozilla/5.0 (Windows NT 10.0; Win64; x64) AppleWebKit/537.36 (KHTML, like Gecko) Chrome/76.0.3809.100 Safari/537.36"
::1 - - [Mon, 26 Aug 2019 08:39:41 GMT] "GET /tweets HTTP/1.1" 304 - "http://localhost:3000/users/login" "Mozilla/5.0 (Windows NT 10.0; Win64; x64) AppleWebKit/537.36 (KHTML, like Gecko) Chrome/76.0.3809.100 Safari/537.36"
::1 - - [Mon, 26 Aug 2019 08:39:41 GMT] "GET /javascripts/twitter.js HTTP/1.1" 304 - "http://localhost:3000/tweets" "Mozilla/5.0 (Windows NT 10.0; Win64; x64) AppleWebKit/537.36 (KHTML, like Gecko) Chrome/76.0.3809.100 Safari/537.36"
::1 - - [Mon, 26 Aug 2019 08:39:41 GMT] "GET /twitterIcon.jpg HTTP/1.1" 304 - "http://localhost:3000/tweets" "Mozilla/5.0 (Windows NT 10.0; Win64; x64) AppleWebKit/537.36 (KHTML, like Gecko) Chrome/76.0.3809.100 Safari/537.36"
::1 - - [Mon, 26 Aug 2019 08:39:41 GMT] "GET /favicon.ico HTTP/1.1" 304 - "http://localhost:3000/tweets" "Mozilla/5.0 (Windows NT 10.0; Win64; x64) AppleWebKit/537.36 (KHTML, like Gecko) Chrome/76.0.3809.100 Safari/537.36"
::1 - - [Mon, 26 Aug 2019 08:41:13 GMT] "GET /tweets/search?q=Team%208 HTTP/1.1" 200 13 "http://localhost:3000/tweets" "Mozilla/5.0 (Windows NT 10.0; Win64; x64) AppleWebKit/537.36 (KHTML, like Gecko) Chrome/76.0.3809.100 Safari/537.36"
::1 - - [Mon, 26 Aug 2019 08:41:19 GMT] "GET /tweets/new HTTP/1.1" 200 - "http://localhost:3000/tweets" "Mozilla/5.0 (Windows NT 10.0; Win64; x64) AppleWebKit/537.36 (KHTML, like Gecko) Chrome/76.0.3809.100 Safari/537.36"
::1 - - [Mon, 26 Aug 2019 08:41:19 GMT] "GET /javascripts/twitter.js HTTP/1.1" 304 - "http://localhost:3000/tweets/new" "Mozilla/5.0 (Windows NT 10.0; Win64; x64) AppleWebKit/537.36 (KHTML, like Gecko) Chrome/76.0.3809.100 Safari/537.36"
::1 - - [Mon, 26 Aug 2019 08:41:19 GMT] "GET /twitterIcon.jpg HTTP/1.1" 304 - "http://localhost:3000/tweets/new" "Mozilla/5.0 (Windows NT 10.0; Win64; x64) AppleWebKit/537.36 (KHTML, like Gecko) Chrome/76.0.3809.100 Safari/537.36"
::1 - - [Mon, 26 Aug 2019 08:41:19 GMT] "GET /favicon.ico HTTP/1.1" 304 - "http://localhost:3000/tweets/new" "Mozilla/5.0 (Windows NT 10.0; Win64; x64) AppleWebKit/537.36 (KHTML, like Gecko) Chrome/76.0.3809.100 Safari/537.36"
::1 - - [Mon, 26 Aug 2019 08:41:24 GMT] "POST /tweets/new HTTP/1.1" 302 58 "http://localhost:3000/tweets/new" "Mozilla/5.0 (Windows NT 10.0; Win64; x64) AppleWebKit/537.36 (KHTML, like Gecko) Chrome/76.0.3809.100 Safari/537.36"
::1 - - [Mon, 26 Aug 2019 08:41:24 GMT] "GET /tweets HTTP/1.1" 200 - "http://localhost:3000/tweets/new" "Mozilla/5.0 (Windows NT 10.0; Win64; x64) AppleWebKit/537.36 (KHTML, like Gecko) Chrome/76.0.3809.100 Safari/537.36"
::1 - - [Mon, 26 Aug 2019 08:41:24 GMT] "GET /javascripts/twitter.js HTTP/1.1" 304 - "http://localhost:3000/tweets" "Mozilla/5.0 (Windows NT 10.0; Win64; x64) AppleWebKit/537.36 (KHTML, like Gecko) Chrome/76.0.3809.100 Safari/537.36"
::1 - - [Mon, 26 Aug 2019 08:41:24 GMT] "GET /twitterIcon.jpg HTTP/1.1" 304 - "http://localhost:3000/tweets" "Mozilla/5.0 (Windows NT 10.0; Win64; x64) AppleWebKit/537.36 (KHTML, like Gecko) Chrome/76.0.3809.100 Safari/537.36"
::1 - - [Mon, 26 Aug 2019 08:41:24 GMT] "GET /favicon.ico HTTP/1.1" 304 - "http://localhost:3000/tweets" "Mozilla/5.0 (Windows NT 10.0; Win64; x64) AppleWebKit/537.36 (KHTML, like Gecko) Chrome/76.0.3809.100 Safari/537.36"
::1 - - [Mon, 26 Aug 2019 08:41:29 GMT] "GET /tweets/search?q=8 HTTP/1.1" 200 87 "http://localhost:3000/tweets" "Mozilla/5.0 (Windows NT 10.0; Win64; x64) AppleWebKit/537.36 (KHTML, like Gecko) Chrome/76.0.3809.100 Safari/537.36"
::1 - - [Mon, 26 Aug 2019 08:41:35 GMT] "GET /tweets/search HTTP/1.1" 200 87 "http://localhost:3000/tweets" "Mozilla/5.0 (Windows NT 10.0; Win64; x64) AppleWebKit/537.36 (KHTML, like Gecko) Chrome/76.0.3809.100 Safari/537.36"
::1 - - [Mon, 26 Aug 2019 08:41:37 GMT] "GET /tweets/new HTTP/1.1" 200 - "http://localhost:3000/tweets" "Mozilla/5.0 (Windows NT 10.0; Win64; x64) AppleWebKit/537.36 (KHTML, like Gecko) Chrome/76.0.3809.100 Safari/537.36"
::1 - - [Mon, 26 Aug 2019 08:41:37 GMT] "GET /javascripts/twitter.js HTTP/1.1" 304 - "http://localhost:3000/tweets/new" "Mozilla/5.0 (Windows NT 10.0; Win64; x64) AppleWebKit/537.36 (KHTML, like Gecko) Chrome/76.0.3809.100 Safari/537.36"
::1 - - [Mon, 26 Aug 2019 08:41:37 GMT] "GET /twitterIcon.jpg HTTP/1.1" 304 - "http://localhost:3000/tweets/new" "Mozilla/5.0 (Windows NT 10.0; Win64; x64) AppleWebKit/537.36 (KHTML, like Gecko) Chrome/76.0.3809.100 Safari/537.36"
::1 - - [Mon, 26 Aug 2019 08:41:37 GMT] "GET /favicon.ico HTTP/1.1" 304 - "http://localhost:3000/tweets/new" "Mozilla/5.0 (Windows NT 10.0; Win64; x64) AppleWebKit/537.36 (KHTML, like Gecko) Chrome/76.0.3809.100 Safari/537.36"
::1 - - [Mon, 26 Aug 2019 08:41:49 GMT] "POST /tweets/new HTTP/1.1" 302 58 "http://localhost:3000/tweets/new" "Mozilla/5.0 (Windows NT 10.0; Win64; x64) AppleWebKit/537.36 (KHTML, like Gecko) Chrome/76.0.3809.100 Safari/537.36"
::1 - - [Mon, 26 Aug 2019 08:41:49 GMT] "GET /tweets HTTP/1.1" 200 - "http://localhost:3000/tweets/new" "Mozilla/5.0 (Windows NT 10.0; Win64; x64) AppleWebKit/537.36 (KHTML, like Gecko) Chrome/76.0.3809.100 Safari/537.36"
::1 - - [Mon, 26 Aug 2019 08:41:49 GMT] "GET /javascripts/twitter.js HTTP/1.1" 304 - "http://localhost:3000/tweets" "Mozilla/5.0 (Windows NT 10.0; Win64; x64) AppleWebKit/537.36 (KHTML, like Gecko) Chrome/76.0.3809.100 Safari/537.36"
::1 - - [Mon, 26 Aug 2019 08:41:49 GMT] "GET /twitterIcon.jpg HTTP/1.1" 304 - "http://localhost:3000/tweets" "Mozilla/5.0 (Windows NT 10.0; Win64; x64) AppleWebKit/537.36 (KHTML, like Gecko) Chrome/76.0.3809.100 Safari/537.36"
::1 - - [Mon, 26 Aug 2019 08:41:49 GMT] "GET /favicon.ico HTTP/1.1" 304 - "http://localhost:3000/tweets" "Mozilla/5.0 (Windows NT 10.0; Win64; x64) AppleWebKit/537.36 (KHTML, like Gecko) Chrome/76.0.3809.100 Safari/537.36"
::ffff:127.0.0.1 - - [Mon, 26 Aug 2019 08:43:38 GMT] "GET /tweets/1 HTTP/1.1" 200 946 "http://localhost:3000/tweets" "Mozilla/5.0 (Windows NT 10.0; Win64; x64) AppleWebKit/537.36 (KHTML, like Gecko) Chrome/76.0.3809.100 Safari/537.36"
::ffff:127.0.0.1 - - [Mon, 26 Aug 2019 08:43:38 GMT] "GET /javascripts/twitter.js HTTP/1.1" 304 - "http://localhost:3000/tweets/1" "Mozilla/5.0 (Windows NT 10.0; Win64; x64) AppleWebKit/537.36 (KHTML, like Gecko) Chrome/76.0.3809.100 Safari/537.36"
::1 - - [Mon, 26 Aug 2019 08:43:38 GMT] "GET /twitterIcon.jpg HTTP/1.1" 304 - "http://localhost:3000/tweets/1" "Mozilla/5.0 (Windows NT 10.0; Win64; x64) AppleWebKit/537.36 (KHTML, like Gecko) Chrome/76.0.3809.100 Safari/537.36"
::1 - - [Mon, 26 Aug 2019 08:43:38 GMT] "GET /favicon.ico HTTP/1.1" 304 - "http://localhost:3000/tweets/1" "Mozilla/5.0 (Windows NT 10.0; Win64; x64) AppleWebKit/537.36 (KHTML, like Gecko) Chrome/76.0.3809.100 Safari/537.36"
::ffff:127.0.0.1 - - [Mon, 26 Aug 2019 08:43:46 GMT] "GET /tweets/1 HTTP/1.1" 304 - "http://localhost:3000/tweets/1" "Mozilla/5.0 (Windows NT 10.0; Win64; x64) AppleWebKit/537.36 (KHTML, like Gecko) Chrome/76.0.3809.100 Safari/537.36"
::ffff:127.0.0.1 - - [Mon, 26 Aug 2019 08:43:46 GMT] "GET /javascripts/twitter.js HTTP/1.1" 304 - "http://localhost:3000/tweets/1" "Mozilla/5.0 (Windows NT 10.0; Win64; x64) AppleWebKit/537.36 (KHTML, like Gecko) Chrome/76.0.3809.100 Safari/537.36"
::1 - - [Mon, 26 Aug 2019 08:43:46 GMT] "GET /twitterIcon.jpg HTTP/1.1" 304 - "http://localhost:3000/tweets/1" "Mozilla/5.0 (Windows NT 10.0; Win64; x64) AppleWebKit/537.36 (KHTML, like Gecko) Chrome/76.0.3809.100 Safari/537.36"
::1 - - [Mon, 26 Aug 2019 08:43:46 GMT] "GET /favicon.ico HTTP/1.1" 304 - "http://localhost:3000/tweets/1" "Mozilla/5.0 (Windows NT 10.0; Win64; x64) AppleWebKit/537.36 (KHTML, like Gecko) Chrome/76.0.3809.100 Safari/537.36"
::1 - - [Mon, 26 Aug 2019 08:43:48 GMT] "GET / HTTP/1.1" 302 56 "http://localhost:3000/tweets/1" "Mozilla/5.0 (Windows NT 10.0; Win64; x64) AppleWebKit/537.36 (KHTML, like Gecko) Chrome/76.0.3809.100 Safari/537.36"
::1 - - [Mon, 26 Aug 2019 08:43:48 GMT] "GET /users HTTP/1.1" 302 68 "http://localhost:3000/tweets/1" "Mozilla/5.0 (Windows NT 10.0; Win64; x64) AppleWebKit/537.36 (KHTML, like Gecko) Chrome/76.0.3809.100 Safari/537.36"
::1 - - [Mon, 26 Aug 2019 08:43:48 GMT] "GET /users/login HTTP/1.1" 304 - "http://localhost:3000/tweets/1" "Mozilla/5.0 (Windows NT 10.0; Win64; x64) AppleWebKit/537.36 (KHTML, like Gecko) Chrome/76.0.3809.100 Safari/537.36"
::1 - - [Mon, 26 Aug 2019 08:43:48 GMT] "GET /javascripts/twitter.js HTTP/1.1" 304 - "http://localhost:3000/users/login" "Mozilla/5.0 (Windows NT 10.0; Win64; x64) AppleWebKit/537.36 (KHTML, like Gecko) Chrome/76.0.3809.100 Safari/537.36"
::ffff:127.0.0.1 - - [Mon, 26 Aug 2019 08:43:48 GMT] "GET /twitterIcon.jpg HTTP/1.1" 304 - "http://localhost:3000/users/login" "Mozilla/5.0 (Windows NT 10.0; Win64; x64) AppleWebKit/537.36 (KHTML, like Gecko) Chrome/76.0.3809.100 Safari/537.36"
::ffff:127.0.0.1 - - [Mon, 26 Aug 2019 08:43:48 GMT] "GET /favicon.ico HTTP/1.1" 304 - "http://localhost:3000/users/login" "Mozilla/5.0 (Windows NT 10.0; Win64; x64) AppleWebKit/537.36 (KHTML, like Gecko) Chrome/76.0.3809.100 Safari/537.36"
::1 - - [Mon, 26 Aug 2019 08:43:55 GMT] "POST /users/session HTTP/1.1" 302 58 "http://localhost:3000/users/login" "Mozilla/5.0 (Windows NT 10.0; Win64; x64) AppleWebKit/537.36 (KHTML, like Gecko) Chrome/76.0.3809.100 Safari/537.36"
::1 - - [Mon, 26 Aug 2019 08:43:55 GMT] "GET /tweets HTTP/1.1" 304 - "http://localhost:3000/users/login" "Mozilla/5.0 (Windows NT 10.0; Win64; x64) AppleWebKit/537.36 (KHTML, like Gecko) Chrome/76.0.3809.100 Safari/537.36"
::1 - - [Mon, 26 Aug 2019 08:43:55 GMT] "GET /javascripts/twitter.js HTTP/1.1" 304 - "http://localhost:3000/tweets" "Mozilla/5.0 (Windows NT 10.0; Win64; x64) AppleWebKit/537.36 (KHTML, like Gecko) Chrome/76.0.3809.100 Safari/537.36"
::1 - - [Mon, 26 Aug 2019 08:43:55 GMT] "GET /twitterIcon.jpg HTTP/1.1" 304 - "http://localhost:3000/tweets" "Mozilla/5.0 (Windows NT 10.0; Win64; x64) AppleWebKit/537.36 (KHTML, like Gecko) Chrome/76.0.3809.100 Safari/537.36"
::1 - - [Mon, 26 Aug 2019 08:43:55 GMT] "GET /favicon.ico HTTP/1.1" 304 - "http://localhost:3000/tweets" "Mozilla/5.0 (Windows NT 10.0; Win64; x64) AppleWebKit/537.36 (KHTML, like Gecko) Chrome/76.0.3809.100 Safari/537.36"
::1 - - [Mon, 26 Aug 2019 08:43:56 GMT] "GET /tweets/1 HTTP/1.1" 302 72 "http://localhost:3000/tweets" "Mozilla/5.0 (Windows NT 10.0; Win64; x64) AppleWebKit/537.36 (KHTML, like Gecko) Chrome/76.0.3809.100 Safari/537.36"
::1 - - [Mon, 26 Aug 2019 08:43:56 GMT] "GET /tweets/1/edit HTTP/1.1" 200 - "http://localhost:3000/tweets" "Mozilla/5.0 (Windows NT 10.0; Win64; x64) AppleWebKit/537.36 (KHTML, like Gecko) Chrome/76.0.3809.100 Safari/537.36"
::1 - - [Mon, 26 Aug 2019 08:43:56 GMT] "GET /javascripts/twitter.js HTTP/1.1" 304 - "http://localhost:3000/tweets/1/edit" "Mozilla/5.0 (Windows NT 10.0; Win64; x64) AppleWebKit/537.36 (KHTML, like Gecko) Chrome/76.0.3809.100 Safari/537.36"
::1 - - [Mon, 26 Aug 2019 08:43:56 GMT] "GET /twitterIcon.jpg HTTP/1.1" 304 - "http://localhost:3000/tweets/1/edit" "Mozilla/5.0 (Windows NT 10.0; Win64; x64) AppleWebKit/537.36 (KHTML, like Gecko) Chrome/76.0.3809.100 Safari/537.36"
::1 - - [Mon, 26 Aug 2019 08:43:56 GMT] "GET /favicon.ico HTTP/1.1" 304 - "http://localhost:3000/tweets/1/edit" "Mozilla/5.0 (Windows NT 10.0; Win64; x64) AppleWebKit/537.36 (KHTML, like Gecko) Chrome/76.0.3809.100 Safari/537.36"
::1 - - [Mon, 26 Aug 2019 08:44:07 GMT] "PUT /tweets/1/?_method=PUT HTTP/1.1" 302 58 "http://localhost:3000/tweets/1/edit" "Mozilla/5.0 (Windows NT 10.0; Win64; x64) AppleWebKit/537.36 (KHTML, like Gecko) Chrome/76.0.3809.100 Safari/537.36"
::1 - - [Mon, 26 Aug 2019 08:44:07 GMT] "GET /tweets HTTP/1.1" 200 - "http://localhost:3000/tweets/1/edit" "Mozilla/5.0 (Windows NT 10.0; Win64; x64) AppleWebKit/537.36 (KHTML, like Gecko) Chrome/76.0.3809.100 Safari/537.36"
::1 - - [Mon, 26 Aug 2019 08:44:07 GMT] "GET /javascripts/twitter.js HTTP/1.1" 304 - "http://localhost:3000/tweets" "Mozilla/5.0 (Windows NT 10.0; Win64; x64) AppleWebKit/537.36 (KHTML, like Gecko) Chrome/76.0.3809.100 Safari/537.36"
::1 - - [Mon, 26 Aug 2019 08:44:07 GMT] "GET /twitterIcon.jpg HTTP/1.1" 304 - "http://localhost:3000/tweets" "Mozilla/5.0 (Windows NT 10.0; Win64; x64) AppleWebKit/537.36 (KHTML, like Gecko) Chrome/76.0.3809.100 Safari/537.36"
::1 - - [Mon, 26 Aug 2019 08:44:07 GMT] "GET /favicon.ico HTTP/1.1" 304 - "http://localhost:3000/tweets" "Mozilla/5.0 (Windows NT 10.0; Win64; x64) AppleWebKit/537.36 (KHTML, like Gecko) Chrome/76.0.3809.100 Safari/537.36"
::1 - - [Mon, 26 Aug 2019 08:44:10 GMT] "GET /tweets/1 HTTP/1.1" 302 72 "http://localhost:3000/tweets" "Mozilla/5.0 (Windows NT 10.0; Win64; x64) AppleWebKit/537.36 (KHTML, like Gecko) Chrome/76.0.3809.100 Safari/537.36"
::1 - - [Mon, 26 Aug 2019 08:44:10 GMT] "GET /tweets/1/edit HTTP/1.1" 304 - "http://localhost:3000/tweets" "Mozilla/5.0 (Windows NT 10.0; Win64; x64) AppleWebKit/537.36 (KHTML, like Gecko) Chrome/76.0.3809.100 Safari/537.36"
::1 - - [Mon, 26 Aug 2019 08:44:10 GMT] "GET /javascripts/twitter.js HTTP/1.1" 304 - "http://localhost:3000/tweets/1/edit" "Mozilla/5.0 (Windows NT 10.0; Win64; x64) AppleWebKit/537.36 (KHTML, like Gecko) Chrome/76.0.3809.100 Safari/537.36"
::1 - - [Mon, 26 Aug 2019 08:44:10 GMT] "GET /twitterIcon.jpg HTTP/1.1" 304 - "http://localhost:3000/tweets/1/edit" "Mozilla/5.0 (Windows NT 10.0; Win64; x64) AppleWebKit/537.36 (KHTML, like Gecko) Chrome/76.0.3809.100 Safari/537.36"
::1 - - [Mon, 26 Aug 2019 08:44:10 GMT] "GET /favicon.ico HTTP/1.1" 304 - "http://localhost:3000/tweets/1/edit" "Mozilla/5.0 (Windows NT 10.0; Win64; x64) AppleWebKit/537.36 (KHTML, like Gecko) Chrome/76.0.3809.100 Safari/537.36"
::1 - - [Mon, 26 Aug 2019 08:44:11 GMT] "PUT /tweets/1/?_method=PUT HTTP/1.1" 302 58 "http://localhost:3000/tweets/1/edit" "Mozilla/5.0 (Windows NT 10.0; Win64; x64) AppleWebKit/537.36 (KHTML, like Gecko) Chrome/76.0.3809.100 Safari/537.36"
::1 - - [Mon, 26 Aug 2019 08:44:11 GMT] "GET /tweets HTTP/1.1" 200 - "http://localhost:3000/tweets/1/edit" "Mozilla/5.0 (Windows NT 10.0; Win64; x64) AppleWebKit/537.36 (KHTML, like Gecko) Chrome/76.0.3809.100 Safari/537.36"
::1 - - [Mon, 26 Aug 2019 08:44:11 GMT] "GET /javascripts/twitter.js HTTP/1.1" 304 - "http://localhost:3000/tweets" "Mozilla/5.0 (Windows NT 10.0; Win64; x64) AppleWebKit/537.36 (KHTML, like Gecko) Chrome/76.0.3809.100 Safari/537.36"
::1 - - [Mon, 26 Aug 2019 08:44:11 GMT] "GET /twitterIcon.jpg HTTP/1.1" 304 - "http://localhost:3000/tweets" "Mozilla/5.0 (Windows NT 10.0; Win64; x64) AppleWebKit/537.36 (KHTML, like Gecko) Chrome/76.0.3809.100 Safari/537.36"
::1 - - [Mon, 26 Aug 2019 08:44:12 GMT] "GET /favicon.ico HTTP/1.1" 304 - "http://localhost:3000/tweets" "Mozilla/5.0 (Windows NT 10.0; Win64; x64) AppleWebKit/537.36 (KHTML, like Gecko) Chrome/76.0.3809.100 Safari/537.36"
::1 - - [Mon, 26 Aug 2019 08:44:16 GMT] "GET / HTTP/1.1" 302 56 "http://localhost:3000/tweets" "Mozilla/5.0 (Windows NT 10.0; Win64; x64) AppleWebKit/537.36 (KHTML, like Gecko) Chrome/76.0.3809.100 Safari/537.36"
::1 - - [Mon, 26 Aug 2019 08:44:16 GMT] "GET /users HTTP/1.1" 302 68 "http://localhost:3000/tweets" "Mozilla/5.0 (Windows NT 10.0; Win64; x64) AppleWebKit/537.36 (KHTML, like Gecko) Chrome/76.0.3809.100 Safari/537.36"
::1 - - [Mon, 26 Aug 2019 08:44:16 GMT] "GET /users/login HTTP/1.1" 304 - "http://localhost:3000/tweets" "Mozilla/5.0 (Windows NT 10.0; Win64; x64) AppleWebKit/537.36 (KHTML, like Gecko) Chrome/76.0.3809.100 Safari/537.36"
::1 - - [Mon, 26 Aug 2019 08:44:16 GMT] "GET /javascripts/twitter.js HTTP/1.1" 304 - "http://localhost:3000/users/login" "Mozilla/5.0 (Windows NT 10.0; Win64; x64) AppleWebKit/537.36 (KHTML, like Gecko) Chrome/76.0.3809.100 Safari/537.36"
::1 - - [Mon, 26 Aug 2019 08:44:16 GMT] "GET /twitterIcon.jpg HTTP/1.1" 304 - "http://localhost:3000/users/login" "Mozilla/5.0 (Windows NT 10.0; Win64; x64) AppleWebKit/537.36 (KHTML, like Gecko) Chrome/76.0.3809.100 Safari/537.36"
::1 - - [Mon, 26 Aug 2019 08:44:16 GMT] "GET /favicon.ico HTTP/1.1" 304 - "http://localhost:3000/users/login" "Mozilla/5.0 (Windows NT 10.0; Win64; x64) AppleWebKit/537.36 (KHTML, like Gecko) Chrome/76.0.3809.100 Safari/537.36"
::1 - - [Mon, 26 Aug 2019 08:51:30 GMT] "GET /users/sign_up HTTP/1.1" 304 - "-" "Mozilla/5.0 (Windows NT 10.0; Win64; x64) AppleWebKit/537.36 (KHTML, like Gecko) Chrome/76.0.3809.100 Safari/537.36"
::1 - - [Mon, 26 Aug 2019 08:51:30 GMT] "GET /javascripts/twitter.js HTTP/1.1" 304 - "http://localhost:3000/users/sign_up" "Mozilla/5.0 (Windows NT 10.0; Win64; x64) AppleWebKit/537.36 (KHTML, like Gecko) Chrome/76.0.3809.100 Safari/537.36"
::1 - - [Mon, 26 Aug 2019 08:51:30 GMT] "GET /twitterIcon.jpg HTTP/1.1" 304 - "http://localhost:3000/users/sign_up" "Mozilla/5.0 (Windows NT 10.0; Win64; x64) AppleWebKit/537.36 (KHTML, like Gecko) Chrome/76.0.3809.100 Safari/537.36"
::1 - - [Mon, 26 Aug 2019 08:51:31 GMT] "GET /javascripts/twitter.js HTTP/1.1" 304 - "http://localhost:3000/users/sign_up" "Mozilla/5.0 (Windows NT 10.0; Win64; x64) AppleWebKit/537.36 (KHTML, like Gecko) Chrome/76.0.3809.100 Safari/537.36"
::1 - - [Mon, 26 Aug 2019 08:51:31 GMT] "GET /twitterIcon.jpg HTTP/1.1" 304 - "http://localhost:3000/users/sign_up" "Mozilla/5.0 (Windows NT 10.0; Win64; x64) AppleWebKit/537.36 (KHTML, like Gecko) Chrome/76.0.3809.100 Safari/537.36"
::1 - - [Mon, 26 Aug 2019 08:51:31 GMT] "GET /favicon.ico HTTP/1.1" 304 - "http://localhost:3000/users/sign_up" "Mozilla/5.0 (Windows NT 10.0; Win64; x64) AppleWebKit/537.36 (KHTML, like Gecko) Chrome/76.0.3809.100 Safari/537.36"
::1 - - [Mon, 26 Aug 2019 08:51:44 GMT] "POST /users HTTP/1.1" 302 68 "http://localhost:3000/users/sign_up" "Mozilla/5.0 (Windows NT 10.0; Win64; x64) AppleWebKit/537.36 (KHTML, like Gecko) Chrome/76.0.3809.100 Safari/537.36"
::1 - - [Mon, 26 Aug 2019 08:51:45 GMT] "GET /users/login HTTP/1.1" 304 - "http://localhost:3000/users/sign_up" "Mozilla/5.0 (Windows NT 10.0; Win64; x64) AppleWebKit/537.36 (KHTML, like Gecko) Chrome/76.0.3809.100 Safari/537.36"
::1 - - [Mon, 26 Aug 2019 08:51:45 GMT] "GET /javascripts/twitter.js HTTP/1.1" 304 - "http://localhost:3000/users/login" "Mozilla/5.0 (Windows NT 10.0; Win64; x64) AppleWebKit/537.36 (KHTML, like Gecko) Chrome/76.0.3809.100 Safari/537.36"
::1 - - [Mon, 26 Aug 2019 08:51:45 GMT] "GET /twitterIcon.jpg HTTP/1.1" 304 - "http://localhost:3000/users/login" "Mozilla/5.0 (Windows NT 10.0; Win64; x64) AppleWebKit/537.36 (KHTML, like Gecko) Chrome/76.0.3809.100 Safari/537.36"
::1 - - [Mon, 26 Aug 2019 08:51:45 GMT] "GET /favicon.ico HTTP/1.1" 304 - "http://localhost:3000/users/login" "Mozilla/5.0 (Windows NT 10.0; Win64; x64) AppleWebKit/537.36 (KHTML, like Gecko) Chrome/76.0.3809.100 Safari/537.36"
::1 - - [Mon, 26 Aug 2019 09:08:44 GMT] "POST /users/session HTTP/1.1" - - "http://localhost:3000/users/login" "Mozilla/5.0 (Windows NT 10.0; Win64; x64) AppleWebKit/537.36 (KHTML, like Gecko) Chrome/76.0.3809.100 Safari/537.36"
::1 - - [Mon, 26 Aug 2019 09:08:44 GMT] "POST /users/session HTTP/1.1" 302 58 "http://localhost:3000/users/login" "Mozilla/5.0 (Windows NT 10.0; Win64; x64) AppleWebKit/537.36 (KHTML, like Gecko) Chrome/76.0.3809.100 Safari/537.36"
::1 - - [Mon, 26 Aug 2019 09:08:44 GMT] "GET /tweets HTTP/1.1" 304 - "http://localhost:3000/users/login" "Mozilla/5.0 (Windows NT 10.0; Win64; x64) AppleWebKit/537.36 (KHTML, like Gecko) Chrome/76.0.3809.100 Safari/537.36"
::1 - - [Mon, 26 Aug 2019 09:08:44 GMT] "GET /javascripts/twitter.js HTTP/1.1" 304 - "http://localhost:3000/tweets" "Mozilla/5.0 (Windows NT 10.0; Win64; x64) AppleWebKit/537.36 (KHTML, like Gecko) Chrome/76.0.3809.100 Safari/537.36"
::1 - - [Mon, 26 Aug 2019 09:08:44 GMT] "GET /twitterIcon.jpg HTTP/1.1" 304 - "http://localhost:3000/tweets" "Mozilla/5.0 (Windows NT 10.0; Win64; x64) AppleWebKit/537.36 (KHTML, like Gecko) Chrome/76.0.3809.100 Safari/537.36"
::1 - - [Mon, 26 Aug 2019 09:08:44 GMT] "GET /favicon.ico HTTP/1.1" 304 - "http://localhost:3000/tweets" "Mozilla/5.0 (Windows NT 10.0; Win64; x64) AppleWebKit/537.36 (KHTML, like Gecko) Chrome/76.0.3809.100 Safari/537.36"
::1 - - [Mon, 26 Aug 2019 09:08:48 GMT] "GET /tweets/search HTTP/1.1" 200 153 "http://localhost:3000/tweets" "Mozilla/5.0 (Windows NT 10.0; Win64; x64) AppleWebKit/537.36 (KHTML, like Gecko) Chrome/76.0.3809.100 Safari/537.36"
::1 - - [Mon, 26 Aug 2019 09:08:52 GMT] "GET /tweets/search?q=Team%208 HTTP/1.1" 200 88 "http://localhost:3000/tweets" "Mozilla/5.0 (Windows NT 10.0; Win64; x64) AppleWebKit/537.36 (KHTML, like Gecko) Chrome/76.0.3809.100 Safari/537.36"
::1 - - [Mon, 26 Aug 2019 09:08:53 GMT] "GET /tweets/search?q=Team%208 HTTP/1.1" 304 - "http://localhost:3000/tweets" "Mozilla/5.0 (Windows NT 10.0; Win64; x64) AppleWebKit/537.36 (KHTML, like Gecko) Chrome/76.0.3809.100 Safari/537.36"
::1 - - [Mon, 26 Aug 2019 09:08:54 GMT] "GET /tweets/search?q=Team%208 HTTP/1.1" 304 - "http://localhost:3000/tweets" "Mozilla/5.0 (Windows NT 10.0; Win64; x64) AppleWebKit/537.36 (KHTML, like Gecko) Chrome/76.0.3809.100 Safari/537.36"
::1 - - [Mon, 26 Aug 2019 09:08:58 GMT] "GET /tweets/new HTTP/1.1" 200 - "http://localhost:3000/tweets" "Mozilla/5.0 (Windows NT 10.0; Win64; x64) AppleWebKit/537.36 (KHTML, like Gecko) Chrome/76.0.3809.100 Safari/537.36"
::1 - - [Mon, 26 Aug 2019 09:08:58 GMT] "GET /javascripts/twitter.js HTTP/1.1" 304 - "http://localhost:3000/tweets/new" "Mozilla/5.0 (Windows NT 10.0; Win64; x64) AppleWebKit/537.36 (KHTML, like Gecko) Chrome/76.0.3809.100 Safari/537.36"
::1 - - [Mon, 26 Aug 2019 09:08:58 GMT] "GET /twitterIcon.jpg HTTP/1.1" 304 - "http://localhost:3000/tweets/new" "Mozilla/5.0 (Windows NT 10.0; Win64; x64) AppleWebKit/537.36 (KHTML, like Gecko) Chrome/76.0.3809.100 Safari/537.36"
::1 - - [Mon, 26 Aug 2019 09:08:58 GMT] "GET /favicon.ico HTTP/1.1" 304 - "http://localhost:3000/tweets/new" "Mozilla/5.0 (Windows NT 10.0; Win64; x64) AppleWebKit/537.36 (KHTML, like Gecko) Chrome/76.0.3809.100 Safari/537.36"
::1 - - [Mon, 26 Aug 2019 09:09:05 GMT] "POST /tweets/new HTTP/1.1" 302 58 "http://localhost:3000/tweets/new" "Mozilla/5.0 (Windows NT 10.0; Win64; x64) AppleWebKit/537.36 (KHTML, like Gecko) Chrome/76.0.3809.100 Safari/537.36"
::1 - - [Mon, 26 Aug 2019 09:09:05 GMT] "GET /tweets HTTP/1.1" 200 - "http://localhost:3000/tweets/new" "Mozilla/5.0 (Windows NT 10.0; Win64; x64) AppleWebKit/537.36 (KHTML, like Gecko) Chrome/76.0.3809.100 Safari/537.36"
::1 - - [Mon, 26 Aug 2019 09:09:05 GMT] "GET /javascripts/twitter.js HTTP/1.1" 304 - "http://localhost:3000/tweets" "Mozilla/5.0 (Windows NT 10.0; Win64; x64) AppleWebKit/537.36 (KHTML, like Gecko) Chrome/76.0.3809.100 Safari/537.36"
::1 - - [Mon, 26 Aug 2019 09:09:05 GMT] "GET /twitterIcon.jpg HTTP/1.1" 304 - "http://localhost:3000/tweets" "Mozilla/5.0 (Windows NT 10.0; Win64; x64) AppleWebKit/537.36 (KHTML, like Gecko) Chrome/76.0.3809.100 Safari/537.36"
::1 - - [Mon, 26 Aug 2019 09:09:05 GMT] "GET /favicon.ico HTTP/1.1" 304 - "http://localhost:3000/tweets" "Mozilla/5.0 (Windows NT 10.0; Win64; x64) AppleWebKit/537.36 (KHTML, like Gecko) Chrome/76.0.3809.100 Safari/537.36"
::1 - - [Mon, 26 Aug 2019 09:09:07 GMT] "GET /tweets/3 HTTP/1.1" 302 72 "http://localhost:3000/tweets" "Mozilla/5.0 (Windows NT 10.0; Win64; x64) AppleWebKit/537.36 (KHTML, like Gecko) Chrome/76.0.3809.100 Safari/537.36"
::1 - - [Mon, 26 Aug 2019 09:09:07 GMT] "GET /tweets/3/edit HTTP/1.1" 200 - "http://localhost:3000/tweets" "Mozilla/5.0 (Windows NT 10.0; Win64; x64) AppleWebKit/537.36 (KHTML, like Gecko) Chrome/76.0.3809.100 Safari/537.36"
::1 - - [Mon, 26 Aug 2019 09:09:07 GMT] "GET /javascripts/twitter.js HTTP/1.1" 304 - "http://localhost:3000/tweets/3/edit" "Mozilla/5.0 (Windows NT 10.0; Win64; x64) AppleWebKit/537.36 (KHTML, like Gecko) Chrome/76.0.3809.100 Safari/537.36"
::1 - - [Mon, 26 Aug 2019 09:09:07 GMT] "GET /twitterIcon.jpg HTTP/1.1" 304 - "http://localhost:3000/tweets/3/edit" "Mozilla/5.0 (Windows NT 10.0; Win64; x64) AppleWebKit/537.36 (KHTML, like Gecko) Chrome/76.0.3809.100 Safari/537.36"
::1 - - [Mon, 26 Aug 2019 09:09:07 GMT] "GET /favicon.ico HTTP/1.1" 304 - "http://localhost:3000/tweets/3/edit" "Mozilla/5.0 (Windows NT 10.0; Win64; x64) AppleWebKit/537.36 (KHTML, like Gecko) Chrome/76.0.3809.100 Safari/537.36"
::1 - - [Mon, 26 Aug 2019 09:09:09 GMT] "GET /favicon.ico HTTP/1.1" 304 - "http://localhost:3000/tweets" "Mozilla/5.0 (Windows NT 10.0; Win64; x64) AppleWebKit/537.36 (KHTML, like Gecko) Chrome/76.0.3809.100 Safari/537.36"
::1 - - [Mon, 26 Aug 2019 09:09:10 GMT] "GET /tweets/1 HTTP/1.1" 200 946 "http://localhost:3000/tweets" "Mozilla/5.0 (Windows NT 10.0; Win64; x64) AppleWebKit/537.36 (KHTML, like Gecko) Chrome/76.0.3809.100 Safari/537.36"
::1 - - [Mon, 26 Aug 2019 09:09:10 GMT] "GET /javascripts/twitter.js HTTP/1.1" 304 - "http://localhost:3000/tweets/1" "Mozilla/5.0 (Windows NT 10.0; Win64; x64) AppleWebKit/537.36 (KHTML, like Gecko) Chrome/76.0.3809.100 Safari/537.36"
::1 - - [Mon, 26 Aug 2019 09:09:10 GMT] "GET /twitterIcon.jpg HTTP/1.1" 304 - "http://localhost:3000/tweets/1" "Mozilla/5.0 (Windows NT 10.0; Win64; x64) AppleWebKit/537.36 (KHTML, like Gecko) Chrome/76.0.3809.100 Safari/537.36"
::1 - - [Mon, 26 Aug 2019 09:09:10 GMT] "GET /favicon.ico HTTP/1.1" 304 - "http://localhost:3000/tweets/1" "Mozilla/5.0 (Windows NT 10.0; Win64; x64) AppleWebKit/537.36 (KHTML, like Gecko) Chrome/76.0.3809.100 Safari/537.36"
::1 - - [Mon, 26 Aug 2019 09:09:11 GMT] "GET /tweets/1 HTTP/1.1" 304 - "http://localhost:3000/tweets/1" "Mozilla/5.0 (Windows NT 10.0; Win64; x64) AppleWebKit/537.36 (KHTML, like Gecko) Chrome/76.0.3809.100 Safari/537.36"
::1 - - [Mon, 26 Aug 2019 09:09:11 GMT] "GET /javascripts/twitter.js HTTP/1.1" 304 - "http://localhost:3000/tweets/1" "Mozilla/5.0 (Windows NT 10.0; Win64; x64) AppleWebKit/537.36 (KHTML, like Gecko) Chrome/76.0.3809.100 Safari/537.36"
::1 - - [Mon, 26 Aug 2019 09:09:11 GMT] "GET /twitterIcon.jpg HTTP/1.1" 304 - "http://localhost:3000/tweets/1" "Mozilla/5.0 (Windows NT 10.0; Win64; x64) AppleWebKit/537.36 (KHTML, like Gecko) Chrome/76.0.3809.100 Safari/537.36"
::1 - - [Mon, 26 Aug 2019 09:09:11 GMT] "GET /favicon.ico HTTP/1.1" 304 - "http://localhost:3000/tweets/1" "Mozilla/5.0 (Windows NT 10.0; Win64; x64) AppleWebKit/537.36 (KHTML, like Gecko) Chrome/76.0.3809.100 Safari/537.36"
::1 - - [Mon, 26 Aug 2019 09:09:13 GMT] "GET /favicon.ico HTTP/1.1" 304 - "http://localhost:3000/tweets" "Mozilla/5.0 (Windows NT 10.0; Win64; x64) AppleWebKit/537.36 (KHTML, like Gecko) Chrome/76.0.3809.100 Safari/537.36"
::1 - - [Mon, 26 Aug 2019 14:18:23 GMT] "POST /users/session HTTP/1.1" 302 58 "http://localhost:3000/users/login" "Mozilla/5.0 (Windows NT 10.0; Win64; x64) AppleWebKit/537.36 (KHTML, like Gecko) Chrome/76.0.3809.100 Safari/537.36"
::1 - - [Mon, 26 Aug 2019 14:18:23 GMT] "GET /tweets HTTP/1.1" 304 - "http://localhost:3000/users/login" "Mozilla/5.0 (Windows NT 10.0; Win64; x64) AppleWebKit/537.36 (KHTML, like Gecko) Chrome/76.0.3809.100 Safari/537.36"
::1 - - [Mon, 26 Aug 2019 14:18:23 GMT] "GET /javascripts/twitter.js HTTP/1.1" 304 - "http://localhost:3000/tweets" "Mozilla/5.0 (Windows NT 10.0; Win64; x64) AppleWebKit/537.36 (KHTML, like Gecko) Chrome/76.0.3809.100 Safari/537.36"
::1 - - [Mon, 26 Aug 2019 14:18:23 GMT] "GET /twitterIcon.jpg HTTP/1.1" 304 - "http://localhost:3000/tweets" "Mozilla/5.0 (Windows NT 10.0; Win64; x64) AppleWebKit/537.36 (KHTML, like Gecko) Chrome/76.0.3809.100 Safari/537.36"
::1 - - [Mon, 26 Aug 2019 14:18:23 GMT] "GET /favicon.ico HTTP/1.1" 304 - "http://localhost:3000/tweets" "Mozilla/5.0 (Windows NT 10.0; Win64; x64) AppleWebKit/537.36 (KHTML, like Gecko) Chrome/76.0.3809.100 Safari/537.36"
::1 - - [Tue, 27 Aug 2019 07:27:56 GMT] "GET / HTTP/1.1" 302 56 "-" "Mozilla/5.0 (Windows NT 10.0; Win64; x64) AppleWebKit/537.36 (KHTML, like Gecko) Chrome/76.0.3809.100 Safari/537.36"
::1 - - [Tue, 27 Aug 2019 07:27:56 GMT] "GET /users HTTP/1.1" 302 68 "-" "Mozilla/5.0 (Windows NT 10.0; Win64; x64) AppleWebKit/537.36 (KHTML, like Gecko) Chrome/76.0.3809.100 Safari/537.36"
::1 - - [Tue, 27 Aug 2019 07:27:56 GMT] "GET /users/login HTTP/1.1" 304 - "-" "Mozilla/5.0 (Windows NT 10.0; Win64; x64) AppleWebKit/537.36 (KHTML, like Gecko) Chrome/76.0.3809.100 Safari/537.36"
::1 - - [Tue, 27 Aug 2019 07:27:56 GMT] "GET /twitterIcon.jpg HTTP/1.1" 304 - "http://localhost:3000/users/login" "Mozilla/5.0 (Windows NT 10.0; Win64; x64) AppleWebKit/537.36 (KHTML, like Gecko) Chrome/76.0.3809.100 Safari/537.36"
::1 - - [Tue, 27 Aug 2019 07:27:56 GMT] "GET /javascripts/twitter.js HTTP/1.1" 200 809 "http://localhost:3000/users/login" "Mozilla/5.0 (Windows NT 10.0; Win64; x64) AppleWebKit/537.36 (KHTML, like Gecko) Chrome/76.0.3809.100 Safari/537.36"
::1 - - [Tue, 27 Aug 2019 07:27:57 GMT] "GET /favicon.ico HTTP/1.1" 304 - "http://localhost:3000/users/login" "Mozilla/5.0 (Windows NT 10.0; Win64; x64) AppleWebKit/537.36 (KHTML, like Gecko) Chrome/76.0.3809.100 Safari/537.36"
::1 - - [Tue, 27 Aug 2019 07:28:05 GMT] "POST /users/session HTTP/1.1" 302 58 "http://localhost:3000/users/login" "Mozilla/5.0 (Windows NT 10.0; Win64; x64) AppleWebKit/537.36 (KHTML, like Gecko) Chrome/76.0.3809.100 Safari/537.36"
::1 - - [Tue, 27 Aug 2019 07:28:05 GMT] "GET /tweets HTTP/1.1" 304 - "http://localhost:3000/users/login" "Mozilla/5.0 (Windows NT 10.0; Win64; x64) AppleWebKit/537.36 (KHTML, like Gecko) Chrome/76.0.3809.100 Safari/537.36"
::1 - - [Tue, 27 Aug 2019 07:28:05 GMT] "GET /javascripts/twitter.js HTTP/1.1" 304 - "http://localhost:3000/tweets" "Mozilla/5.0 (Windows NT 10.0; Win64; x64) AppleWebKit/537.36 (KHTML, like Gecko) Chrome/76.0.3809.100 Safari/537.36"
::1 - - [Tue, 27 Aug 2019 07:28:05 GMT] "GET /twitterIcon.jpg HTTP/1.1" 304 - "http://localhost:3000/tweets" "Mozilla/5.0 (Windows NT 10.0; Win64; x64) AppleWebKit/537.36 (KHTML, like Gecko) Chrome/76.0.3809.100 Safari/537.36"
::1 - - [Tue, 27 Aug 2019 07:28:05 GMT] "GET /favicon.ico HTTP/1.1" 304 - "http://localhost:3000/tweets" "Mozilla/5.0 (Windows NT 10.0; Win64; x64) AppleWebKit/537.36 (KHTML, like Gecko) Chrome/76.0.3809.100 Safari/537.36"
::1 - - [Tue, 27 Aug 2019 07:28:06 GMT] "GET /tweets/2 HTTP/1.1" 302 72 "http://localhost:3000/tweets" "Mozilla/5.0 (Windows NT 10.0; Win64; x64) AppleWebKit/537.36 (KHTML, like Gecko) Chrome/76.0.3809.100 Safari/537.36"
::1 - - [Tue, 27 Aug 2019 07:28:06 GMT] "GET /tweets/2/edit HTTP/1.1" 200 - "http://localhost:3000/tweets" "Mozilla/5.0 (Windows NT 10.0; Win64; x64) AppleWebKit/537.36 (KHTML, like Gecko) Chrome/76.0.3809.100 Safari/537.36"
::1 - - [Tue, 27 Aug 2019 07:28:06 GMT] "GET /javascripts/twitter.js HTTP/1.1" 304 - "http://localhost:3000/tweets/2/edit" "Mozilla/5.0 (Windows NT 10.0; Win64; x64) AppleWebKit/537.36 (KHTML, like Gecko) Chrome/76.0.3809.100 Safari/537.36"
::1 - - [Tue, 27 Aug 2019 07:28:06 GMT] "GET /twitterIcon.jpg HTTP/1.1" 304 - "http://localhost:3000/tweets/2/edit" "Mozilla/5.0 (Windows NT 10.0; Win64; x64) AppleWebKit/537.36 (KHTML, like Gecko) Chrome/76.0.3809.100 Safari/537.36"
::1 - - [Tue, 27 Aug 2019 07:28:06 GMT] "GET /favicon.ico HTTP/1.1" 304 - "http://localhost:3000/tweets/2/edit" "Mozilla/5.0 (Windows NT 10.0; Win64; x64) AppleWebKit/537.36 (KHTML, like Gecko) Chrome/76.0.3809.100 Safari/537.36"
::1 - - [Tue, 27 Aug 2019 07:28:09 GMT] "GET /favicon.ico HTTP/1.1" 304 - "http://localhost:3000/tweets" "Mozilla/5.0 (Windows NT 10.0; Win64; x64) AppleWebKit/537.36 (KHTML, like Gecko) Chrome/76.0.3809.100 Safari/537.36"
::1 - - [Tue, 27 Aug 2019 07:35:09 GMT] "GET / HTTP/1.1" 302 56 "http://localhost:3000/tweets" "Mozilla/5.0 (Windows NT 10.0; Win64; x64) AppleWebKit/537.36 (KHTML, like Gecko) Chrome/76.0.3809.100 Safari/537.36"
::1 - - [Tue, 27 Aug 2019 07:35:09 GMT] "GET /users HTTP/1.1" 302 68 "http://localhost:3000/tweets" "Mozilla/5.0 (Windows NT 10.0; Win64; x64) AppleWebKit/537.36 (KHTML, like Gecko) Chrome/76.0.3809.100 Safari/537.36"
::1 - - [Tue, 27 Aug 2019 07:35:10 GMT] "GET /users/login HTTP/1.1" 304 - "http://localhost:3000/tweets" "Mozilla/5.0 (Windows NT 10.0; Win64; x64) AppleWebKit/537.36 (KHTML, like Gecko) Chrome/76.0.3809.100 Safari/537.36"
::1 - - [Tue, 27 Aug 2019 07:35:10 GMT] "GET /twitterIcon.jpg HTTP/1.1" 304 - "http://localhost:3000/users/login" "Mozilla/5.0 (Windows NT 10.0; Win64; x64) AppleWebKit/537.36 (KHTML, like Gecko) Chrome/76.0.3809.100 Safari/537.36"
::1 - - [Tue, 27 Aug 2019 07:35:10 GMT] "GET /javascripts/twitter.js HTTP/1.1" 200 920 "http://localhost:3000/users/login" "Mozilla/5.0 (Windows NT 10.0; Win64; x64) AppleWebKit/537.36 (KHTML, like Gecko) Chrome/76.0.3809.100 Safari/537.36"
::1 - - [Tue, 27 Aug 2019 07:35:10 GMT] "GET /favicon.ico HTTP/1.1" 304 - "http://localhost:3000/users/login" "Mozilla/5.0 (Windows NT 10.0; Win64; x64) AppleWebKit/537.36 (KHTML, like Gecko) Chrome/76.0.3809.100 Safari/537.36"
::1 - - [Tue, 27 Aug 2019 07:35:13 GMT] "POST /users/session HTTP/1.1" 302 58 "http://localhost:3000/users/login" "Mozilla/5.0 (Windows NT 10.0; Win64; x64) AppleWebKit/537.36 (KHTML, like Gecko) Chrome/76.0.3809.100 Safari/537.36"
::1 - - [Tue, 27 Aug 2019 07:35:14 GMT] "GET /tweets HTTP/1.1" 304 - "http://localhost:3000/users/login" "Mozilla/5.0 (Windows NT 10.0; Win64; x64) AppleWebKit/537.36 (KHTML, like Gecko) Chrome/76.0.3809.100 Safari/537.36"
::1 - - [Tue, 27 Aug 2019 07:35:14 GMT] "GET /javascripts/twitter.js HTTP/1.1" 304 - "http://localhost:3000/tweets" "Mozilla/5.0 (Windows NT 10.0; Win64; x64) AppleWebKit/537.36 (KHTML, like Gecko) Chrome/76.0.3809.100 Safari/537.36"
::1 - - [Tue, 27 Aug 2019 07:35:14 GMT] "GET /twitterIcon.jpg HTTP/1.1" 304 - "http://localhost:3000/tweets" "Mozilla/5.0 (Windows NT 10.0; Win64; x64) AppleWebKit/537.36 (KHTML, like Gecko) Chrome/76.0.3809.100 Safari/537.36"
::1 - - [Tue, 27 Aug 2019 07:35:14 GMT] "GET /favicon.ico HTTP/1.1" 304 - "http://localhost:3000/tweets" "Mozilla/5.0 (Windows NT 10.0; Win64; x64) AppleWebKit/537.36 (KHTML, like Gecko) Chrome/76.0.3809.100 Safari/537.36"
::1 - - [Tue, 27 Aug 2019 07:35:17 GMT] "GET /tweets/search?q=8 HTTP/1.1" 200 153 "http://localhost:3000/tweets" "Mozilla/5.0 (Windows NT 10.0; Win64; x64) AppleWebKit/537.36 (KHTML, like Gecko) Chrome/76.0.3809.100 Safari/537.36"
::1 - - [Tue, 27 Aug 2019 07:35:22 GMT] "GET /tweets/search?q=8 HTTP/1.1" 304 - "http://localhost:3000/tweets" "Mozilla/5.0 (Windows NT 10.0; Win64; x64) AppleWebKit/537.36 (KHTML, like Gecko) Chrome/76.0.3809.100 Safari/537.36"
::1 - - [Tue, 27 Aug 2019 07:35:25 GMT] "GET /tweets/1 HTTP/1.1" 302 72 "http://localhost:3000/tweets" "Mozilla/5.0 (Windows NT 10.0; Win64; x64) AppleWebKit/537.36 (KHTML, like Gecko) Chrome/76.0.3809.100 Safari/537.36"
::1 - - [Tue, 27 Aug 2019 07:35:25 GMT] "GET /tweets/1/edit HTTP/1.1" 200 - "http://localhost:3000/tweets" "Mozilla/5.0 (Windows NT 10.0; Win64; x64) AppleWebKit/537.36 (KHTML, like Gecko) Chrome/76.0.3809.100 Safari/537.36"
::1 - - [Tue, 27 Aug 2019 07:35:25 GMT] "GET /javascripts/twitter.js HTTP/1.1" 304 - "http://localhost:3000/tweets/1/edit" "Mozilla/5.0 (Windows NT 10.0; Win64; x64) AppleWebKit/537.36 (KHTML, like Gecko) Chrome/76.0.3809.100 Safari/537.36"
::1 - - [Tue, 27 Aug 2019 07:35:25 GMT] "GET /twitterIcon.jpg HTTP/1.1" 304 - "http://localhost:3000/tweets/1/edit" "Mozilla/5.0 (Windows NT 10.0; Win64; x64) AppleWebKit/537.36 (KHTML, like Gecko) Chrome/76.0.3809.100 Safari/537.36"
::1 - - [Tue, 27 Aug 2019 07:35:25 GMT] "GET /favicon.ico HTTP/1.1" 304 - "http://localhost:3000/tweets/1/edit" "Mozilla/5.0 (Windows NT 10.0; Win64; x64) AppleWebKit/537.36 (KHTML, like Gecko) Chrome/76.0.3809.100 Safari/537.36"
::1 - - [Tue, 27 Aug 2019 07:35:27 GMT] "GET / HTTP/1.1" 302 56 "http://localhost:3000/tweets/1/edit" "Mozilla/5.0 (Windows NT 10.0; Win64; x64) AppleWebKit/537.36 (KHTML, like Gecko) Chrome/76.0.3809.100 Safari/537.36"
::1 - - [Tue, 27 Aug 2019 07:35:27 GMT] "GET /users HTTP/1.1" 302 68 "http://localhost:3000/tweets/1/edit" "Mozilla/5.0 (Windows NT 10.0; Win64; x64) AppleWebKit/537.36 (KHTML, like Gecko) Chrome/76.0.3809.100 Safari/537.36"
::1 - - [Tue, 27 Aug 2019 07:35:27 GMT] "GET /users/login HTTP/1.1" 304 - "http://localhost:3000/tweets/1/edit" "Mozilla/5.0 (Windows NT 10.0; Win64; x64) AppleWebKit/537.36 (KHTML, like Gecko) Chrome/76.0.3809.100 Safari/537.36"
::1 - - [Tue, 27 Aug 2019 07:35:27 GMT] "GET /javascripts/twitter.js HTTP/1.1" 304 - "http://localhost:3000/users/login" "Mozilla/5.0 (Windows NT 10.0; Win64; x64) AppleWebKit/537.36 (KHTML, like Gecko) Chrome/76.0.3809.100 Safari/537.36"
::1 - - [Tue, 27 Aug 2019 07:35:27 GMT] "GET /twitterIcon.jpg HTTP/1.1" 304 - "http://localhost:3000/users/login" "Mozilla/5.0 (Windows NT 10.0; Win64; x64) AppleWebKit/537.36 (KHTML, like Gecko) Chrome/76.0.3809.100 Safari/537.36"
::1 - - [Tue, 27 Aug 2019 07:35:27 GMT] "GET /favicon.ico HTTP/1.1" 304 - "http://localhost:3000/users/login" "Mozilla/5.0 (Windows NT 10.0; Win64; x64) AppleWebKit/537.36 (KHTML, like Gecko) Chrome/76.0.3809.100 Safari/537.36"
::1 - - [Tue, 27 Aug 2019 07:35:30 GMT] "POST /users/session HTTP/1.1" 302 58 "http://localhost:3000/users/login" "Mozilla/5.0 (Windows NT 10.0; Win64; x64) AppleWebKit/537.36 (KHTML, like Gecko) Chrome/76.0.3809.100 Safari/537.36"
::1 - - [Tue, 27 Aug 2019 07:35:30 GMT] "GET /tweets HTTP/1.1" 304 - "http://localhost:3000/users/login" "Mozilla/5.0 (Windows NT 10.0; Win64; x64) AppleWebKit/537.36 (KHTML, like Gecko) Chrome/76.0.3809.100 Safari/537.36"
::1 - - [Tue, 27 Aug 2019 07:35:30 GMT] "GET /javascripts/twitter.js HTTP/1.1" 304 - "http://localhost:3000/tweets" "Mozilla/5.0 (Windows NT 10.0; Win64; x64) AppleWebKit/537.36 (KHTML, like Gecko) Chrome/76.0.3809.100 Safari/537.36"
::1 - - [Tue, 27 Aug 2019 07:35:30 GMT] "GET /twitterIcon.jpg HTTP/1.1" 304 - "http://localhost:3000/tweets" "Mozilla/5.0 (Windows NT 10.0; Win64; x64) AppleWebKit/537.36 (KHTML, like Gecko) Chrome/76.0.3809.100 Safari/537.36"
::1 - - [Tue, 27 Aug 2019 07:35:30 GMT] "GET /favicon.ico HTTP/1.1" 304 - "http://localhost:3000/tweets" "Mozilla/5.0 (Windows NT 10.0; Win64; x64) AppleWebKit/537.36 (KHTML, like Gecko) Chrome/76.0.3809.100 Safari/537.36"
::1 - - [Tue, 27 Aug 2019 07:35:34 GMT] "GET /tweets/search?q=Lorem HTTP/1.1" 200 13 "http://localhost:3000/tweets" "Mozilla/5.0 (Windows NT 10.0; Win64; x64) AppleWebKit/537.36 (KHTML, like Gecko) Chrome/76.0.3809.100 Safari/537.36"
::1 - - [Tue, 27 Aug 2019 07:35:36 GMT] "GET /tweets/search?q=8 HTTP/1.1" 304 - "http://localhost:3000/tweets" "Mozilla/5.0 (Windows NT 10.0; Win64; x64) AppleWebKit/537.36 (KHTML, like Gecko) Chrome/76.0.3809.100 Safari/537.36"
::1 - - [Tue, 27 Aug 2019 07:35:39 GMT] "GET /tweets/search HTTP/1.1" 200 227 "http://localhost:3000/tweets" "Mozilla/5.0 (Windows NT 10.0; Win64; x64) AppleWebKit/537.36 (KHTML, like Gecko) Chrome/76.0.3809.100 Safari/537.36"
::1 - - [Tue, 27 Aug 2019 07:35:41 GMT] "GET /tweets/3 HTTP/1.1" 200 945 "http://localhost:3000/tweets" "Mozilla/5.0 (Windows NT 10.0; Win64; x64) AppleWebKit/537.36 (KHTML, like Gecko) Chrome/76.0.3809.100 Safari/537.36"
::1 - - [Tue, 27 Aug 2019 07:35:41 GMT] "GET /javascripts/twitter.js HTTP/1.1" 304 - "http://localhost:3000/tweets/3" "Mozilla/5.0 (Windows NT 10.0; Win64; x64) AppleWebKit/537.36 (KHTML, like Gecko) Chrome/76.0.3809.100 Safari/537.36"
::1 - - [Tue, 27 Aug 2019 07:35:41 GMT] "GET /twitterIcon.jpg HTTP/1.1" 304 - "http://localhost:3000/tweets/3" "Mozilla/5.0 (Windows NT 10.0; Win64; x64) AppleWebKit/537.36 (KHTML, like Gecko) Chrome/76.0.3809.100 Safari/537.36"
::1 - - [Tue, 27 Aug 2019 07:35:41 GMT] "GET /favicon.ico HTTP/1.1" 304 - "http://localhost:3000/tweets/3" "Mozilla/5.0 (Windows NT 10.0; Win64; x64) AppleWebKit/537.36 (KHTML, like Gecko) Chrome/76.0.3809.100 Safari/537.36"
::1 - - [Tue, 27 Aug 2019 07:35:43 GMT] "GET /favicon.ico HTTP/1.1" 304 - "http://localhost:3000/tweets" "Mozilla/5.0 (Windows NT 10.0; Win64; x64) AppleWebKit/537.36 (KHTML, like Gecko) Chrome/76.0.3809.100 Safari/537.36"
